mode: atomic
github.com/vaultenv/vaultenv-cli/cmd/vaultenv-cli/main.go:19.13,30.50 2 0
github.com/vaultenv/vaultenv-cli/cmd/vaultenv-cli/main.go:30.50,35.6 2 0
github.com/vaultenv/vaultenv-cli/internal/test/helpers.go:31.56,63.24 14 0
github.com/vaultenv/vaultenv-cli/internal/test/helpers.go:63.24,65.3 1 0
github.com/vaultenv/vaultenv-cli/internal/test/helpers.go:68.2,72.24 4 0
github.com/vaultenv/vaultenv-cli/internal/test/helpers.go:72.24,74.3 1 0
github.com/vaultenv/vaultenv-cli/internal/test/helpers.go:76.2,76.12 1 0
github.com/vaultenv/vaultenv-cli/internal/test/helpers.go:80.53,86.22 4 0
github.com/vaultenv/vaultenv-cli/internal/test/helpers.go:86.22,87.13 1 0
github.com/vaultenv/vaultenv-cli/internal/test/helpers.go:87.13,89.4 1 0
github.com/vaultenv/vaultenv-cli/internal/test/helpers.go:89.9,91.4 1 0
github.com/vaultenv/vaultenv-cli/internal/test/helpers.go:96.49,98.2 1 0
github.com/vaultenv/vaultenv-cli/internal/test/helpers.go:101.37,102.46 1 0
github.com/vaultenv/vaultenv-cli/internal/test/helpers.go:102.46,104.3 1 0
github.com/vaultenv/vaultenv-cli/internal/test/helpers.go:108.66,116.2 5 0
github.com/vaultenv/vaultenv-cli/internal/test/helpers.go:119.56,127.2 5 0
github.com/vaultenv/vaultenv-cli/internal/test/helpers.go:136.81,153.2 7 0
github.com/vaultenv/vaultenv-cli/internal/test/helpers.go:156.50,162.12 4 0
github.com/vaultenv/vaultenv-cli/internal/test/helpers.go:162.12,165.3 2 0
github.com/vaultenv/vaultenv-cli/internal/test/helpers.go:167.2,167.16 1 0
github.com/vaultenv/vaultenv-cli/internal/test/helpers.go:167.16,170.3 2 0
github.com/vaultenv/vaultenv-cli/internal/test/helpers.go:174.50,178.2 3 0
github.com/vaultenv/vaultenv-cli/internal/test/helpers.go:181.53,185.2 3 0
github.com/vaultenv/vaultenv-cli/internal/test/helpers.go:188.69,193.2 4 0
github.com/vaultenv/vaultenv-cli/internal/test/helpers.go:196.43,205.2 5 0
github.com/vaultenv/vaultenv-cli/internal/test/helpers.go:208.63,211.27 2 0
github.com/vaultenv/vaultenv-cli/internal/test/helpers.go:211.27,213.22 2 0
github.com/vaultenv/vaultenv-cli/internal/test/helpers.go:213.22,215.4 1 0
github.com/vaultenv/vaultenv-cli/internal/test/helpers.go:217.3,221.16 3 0
github.com/vaultenv/vaultenv-cli/internal/test/helpers.go:221.16,223.4 1 0
github.com/vaultenv/vaultenv-cli/internal/test/helpers.go:225.3,225.22 1 0
github.com/vaultenv/vaultenv-cli/internal/test/helpers.go:228.2,228.20 1 0
github.com/vaultenv/vaultenv-cli/internal/config/config.go:128.30,200.2 1 0
github.com/vaultenv/vaultenv-cli/internal/config/config.go:203.30,205.16 2 0
github.com/vaultenv/vaultenv-cli/internal/config/config.go:205.16,207.25 1 0
github.com/vaultenv/vaultenv-cli/internal/config/config.go:207.25,209.4 1 0
github.com/vaultenv/vaultenv-cli/internal/config/config.go:210.3,210.63 1 0
github.com/vaultenv/vaultenv-cli/internal/config/config.go:213.2,213.33 1 0
github.com/vaultenv/vaultenv-cli/internal/config/config.go:217.49,219.16 2 0
github.com/vaultenv/vaultenv-cli/internal/config/config.go:219.16,221.3 1 0
github.com/vaultenv/vaultenv-cli/internal/config/config.go:222.2,224.29 2 0
github.com/vaultenv/vaultenv-cli/internal/config/config.go:228.51,232.47 3 0
github.com/vaultenv/vaultenv-cli/internal/config/config.go:232.47,234.3 1 0
github.com/vaultenv/vaultenv-cli/internal/config/config.go:237.2,237.42 1 0
github.com/vaultenv/vaultenv-cli/internal/config/config.go:237.42,239.3 1 0
github.com/vaultenv/vaultenv-cli/internal/config/config.go:241.2,241.20 1 0
github.com/vaultenv/vaultenv-cli/internal/config/config.go:245.31,248.2 2 0
github.com/vaultenv/vaultenv-cli/internal/config/config.go:251.48,254.47 2 0
github.com/vaultenv/vaultenv-cli/internal/config/config.go:254.47,256.3 1 0
github.com/vaultenv/vaultenv-cli/internal/config/config.go:258.2,259.16 2 0
github.com/vaultenv/vaultenv-cli/internal/config/config.go:259.16,261.3 1 0
github.com/vaultenv/vaultenv-cli/internal/config/config.go:262.2,264.29 2 0
github.com/vaultenv/vaultenv-cli/internal/config/config.go:268.50,273.42 4 0
github.com/vaultenv/vaultenv-cli/internal/config/config.go:273.42,275.3 1 0
github.com/vaultenv/vaultenv-cli/internal/config/config.go:277.2,277.12 1 0
github.com/vaultenv/vaultenv-cli/internal/config/config.go:281.35,283.21 1 0
github.com/vaultenv/vaultenv-cli/internal/config/config.go:283.21,285.3 1 0
github.com/vaultenv/vaultenv-cli/internal/config/config.go:288.2,288.26 1 0
github.com/vaultenv/vaultenv-cli/internal/config/config.go:288.26,290.3 1 0
github.com/vaultenv/vaultenv-cli/internal/config/config.go:293.2,294.31 2 0
github.com/vaultenv/vaultenv-cli/internal/config/config.go:294.31,296.3 1 0
github.com/vaultenv/vaultenv-cli/internal/config/config.go:299.2,303.41 2 0
github.com/vaultenv/vaultenv-cli/internal/config/config.go:303.41,305.3 1 0
github.com/vaultenv/vaultenv-cli/internal/config/config.go:308.2,313.49 2 0
github.com/vaultenv/vaultenv-cli/internal/config/config.go:313.49,315.3 1 0
github.com/vaultenv/vaultenv-cli/internal/config/config.go:318.2,323.64 2 0
github.com/vaultenv/vaultenv-cli/internal/config/config.go:323.64,325.3 1 0
github.com/vaultenv/vaultenv-cli/internal/config/config.go:328.2,333.30 2 0
github.com/vaultenv/vaultenv-cli/internal/config/config.go:333.30,335.3 1 0
github.com/vaultenv/vaultenv-cli/internal/config/config.go:337.2,337.12 1 0
github.com/vaultenv/vaultenv-cli/internal/config/config.go:341.47,342.18 1 0
github.com/vaultenv/vaultenv-cli/internal/config/config.go:342.18,344.3 1 0
github.com/vaultenv/vaultenv-cli/internal/config/config.go:347.2,350.25 2 0
github.com/vaultenv/vaultenv-cli/internal/config/config.go:350.25,352.3 1 0
github.com/vaultenv/vaultenv-cli/internal/config/config.go:355.2,355.30 1 0
github.com/vaultenv/vaultenv-cli/internal/config/config.go:355.30,357.3 1 0
github.com/vaultenv/vaultenv-cli/internal/config/config.go:358.2,358.28 1 0
github.com/vaultenv/vaultenv-cli/internal/config/config.go:358.28,360.3 1 0
github.com/vaultenv/vaultenv-cli/internal/config/config.go:361.2,361.37 1 0
github.com/vaultenv/vaultenv-cli/internal/config/config.go:361.37,363.3 1 0
github.com/vaultenv/vaultenv-cli/internal/config/config.go:364.2,364.30 1 0
github.com/vaultenv/vaultenv-cli/internal/config/config.go:364.30,366.3 1 0
github.com/vaultenv/vaultenv-cli/internal/config/config.go:367.2,367.33 1 0
github.com/vaultenv/vaultenv-cli/internal/config/config.go:367.33,369.3 1 0
github.com/vaultenv/vaultenv-cli/internal/config/config.go:370.2,370.37 1 0
github.com/vaultenv/vaultenv-cli/internal/config/config.go:370.37,372.3 1 0
github.com/vaultenv/vaultenv-cli/internal/config/config.go:377.2,377.16 1 0
github.com/vaultenv/vaultenv-cli/internal/config/config.go:381.39,383.16 2 0
github.com/vaultenv/vaultenv-cli/internal/config/config.go:383.16,385.3 1 0
github.com/vaultenv/vaultenv-cli/internal/config/config.go:387.2,387.6 1 0
github.com/vaultenv/vaultenv-cli/internal/config/config.go:387.6,389.48 2 0
github.com/vaultenv/vaultenv-cli/internal/config/config.go:389.48,391.4 1 0
github.com/vaultenv/vaultenv-cli/internal/config/config.go:394.3,395.20 2 0
github.com/vaultenv/vaultenv-cli/internal/config/config.go:395.20,396.9 1 0
github.com/vaultenv/vaultenv-cli/internal/config/config.go:398.3,398.15 1 0
github.com/vaultenv/vaultenv-cli/internal/config/config.go:401.2,401.27 1 0
github.com/vaultenv/vaultenv-cli/internal/config/config.go:405.40,406.34 1 0
github.com/vaultenv/vaultenv-cli/internal/config/config.go:406.34,408.3 1 0
github.com/vaultenv/vaultenv-cli/internal/config/config.go:411.2,412.41 2 0
github.com/vaultenv/vaultenv-cli/internal/config/config.go:412.41,414.3 1 0
github.com/vaultenv/vaultenv-cli/internal/config/config.go:416.2,416.62 1 0
github.com/vaultenv/vaultenv-cli/internal/config/config.go:420.56,421.23 1 0
github.com/vaultenv/vaultenv-cli/internal/config/config.go:421.23,423.3 1 0
github.com/vaultenv/vaultenv-cli/internal/config/config.go:425.2,425.55 1 0
github.com/vaultenv/vaultenv-cli/internal/config/config.go:429.42,432.2 1 0
github.com/vaultenv/vaultenv-cli/internal/ui/errors.go:16.39,18.2 1 9
github.com/vaultenv/vaultenv-cli/internal/ui/errors.go:50.29,51.19 1 6
github.com/vaultenv/vaultenv-cli/internal/ui/errors.go:51.19,53.6 1 1
github.com/vaultenv/vaultenv-cli/internal/ui/errors.go:56.5,56.47 1 5
github.com/vaultenv/vaultenv-cli/internal/ui/errors.go:56.47,59.6 2 1
github.com/vaultenv/vaultenv-cli/internal/ui/errors.go:62.5,63.12 2 4
github.com/vaultenv/vaultenv-cli/internal/ui/errors.go:64.57,65.33 1 1
github.com/vaultenv/vaultenv-cli/internal/ui/errors.go:66.46,67.30 1 1
github.com/vaultenv/vaultenv-cli/internal/ui/errors.go:68.56,69.33 1 1
github.com/vaultenv/vaultenv-cli/internal/ui/errors.go:70.13,72.27 1 1
github.com/vaultenv/vaultenv-cli/internal/ui/errors.go:76.46,84.29 3 6
github.com/vaultenv/vaultenv-cli/internal/ui/errors.go:84.29,87.6 2 4
github.com/vaultenv/vaultenv-cli/internal/ui/errors.go:90.5,90.27 1 6
github.com/vaultenv/vaultenv-cli/internal/ui/errors.go:90.27,93.6 2 4
github.com/vaultenv/vaultenv-cli/internal/ui/errors.go:96.5,96.23 1 6
github.com/vaultenv/vaultenv-cli/internal/ui/errors.go:96.23,99.6 2 4
github.com/vaultenv/vaultenv-cli/internal/ui/errors.go:102.31,111.2 8 2
github.com/vaultenv/vaultenv-cli/internal/ui/errors.go:113.28,122.2 8 2
github.com/vaultenv/vaultenv-cli/internal/ui/errors.go:124.31,133.2 8 2
github.com/vaultenv/vaultenv-cli/internal/ui/errors.go:136.55,138.16 2 9
github.com/vaultenv/vaultenv-cli/internal/ui/errors.go:138.16,140.6 1 1
github.com/vaultenv/vaultenv-cli/internal/ui/errors.go:143.5,150.6 2 8
github.com/vaultenv/vaultenv-cli/internal/ui/output.go:41.50,44.2 2 18
github.com/vaultenv/vaultenv-cli/internal/ui/output.go:47.48,50.2 2 27
github.com/vaultenv/vaultenv-cli/internal/ui/output.go:53.50,56.2 2 12
github.com/vaultenv/vaultenv-cli/internal/ui/output.go:59.47,62.2 2 12
github.com/vaultenv/vaultenv-cli/internal/ui/output.go:65.48,66.21 1 3
github.com/vaultenv/vaultenv-cli/internal/ui/output.go:66.21,68.6 1 1
github.com/vaultenv/vaultenv-cli/internal/ui/output.go:69.5,70.52 2 2
github.com/vaultenv/vaultenv-cli/internal/ui/output.go:74.26,78.2 3 3
github.com/vaultenv/vaultenv-cli/internal/ui/output.go:87.61,90.27 2 3
github.com/vaultenv/vaultenv-cli/internal/ui/output.go:90.27,92.6 1 1
github.com/vaultenv/vaultenv-cli/internal/ui/output.go:94.5,98.23 3 3
github.com/vaultenv/vaultenv-cli/internal/ui/output.go:98.23,100.6 1 3
github.com/vaultenv/vaultenv-cli/internal/ui/output.go:103.5,112.19 4 3
github.com/vaultenv/vaultenv-cli/internal/ui/output.go:112.19,114.6 1 1
github.com/vaultenv/vaultenv-cli/internal/ui/output.go:114.11,116.6 1 2
github.com/vaultenv/vaultenv-cli/internal/ui/output.go:118.5,118.15 1 3
github.com/vaultenv/vaultenv-cli/internal/ui/output.go:122.47,125.36 2 4
github.com/vaultenv/vaultenv-cli/internal/ui/output.go:125.36,127.6 1 9
github.com/vaultenv/vaultenv-cli/internal/ui/output.go:129.5,129.30 1 4
github.com/vaultenv/vaultenv-cli/internal/ui/output.go:129.30,130.34 1 6
github.com/vaultenv/vaultenv-cli/internal/ui/output.go:130.34,131.57 1 14
github.com/vaultenv/vaultenv-cli/internal/ui/output.go:131.57,133.14 1 3
github.com/vaultenv/vaultenv-cli/internal/ui/output.go:138.5,139.34 2 4
github.com/vaultenv/vaultenv-cli/internal/ui/output.go:139.34,141.30 2 9
github.com/vaultenv/vaultenv-cli/internal/ui/output.go:141.30,143.10 1 5
github.com/vaultenv/vaultenv-cli/internal/ui/output.go:145.5,148.36 3 4
github.com/vaultenv/vaultenv-cli/internal/ui/output.go:148.36,151.6 2 9
github.com/vaultenv/vaultenv-cli/internal/ui/output.go:152.5,156.34 3 4
github.com/vaultenv/vaultenv-cli/internal/ui/output.go:156.34,158.30 2 9
github.com/vaultenv/vaultenv-cli/internal/ui/output.go:158.30,160.10 1 5
github.com/vaultenv/vaultenv-cli/internal/ui/output.go:162.5,165.30 2 4
github.com/vaultenv/vaultenv-cli/internal/ui/output.go:165.30,167.34 2 6
github.com/vaultenv/vaultenv-cli/internal/ui/output.go:167.34,168.32 1 14
github.com/vaultenv/vaultenv-cli/internal/ui/output.go:168.32,171.14 2 13
github.com/vaultenv/vaultenv-cli/internal/ui/output.go:173.9,173.29 1 6
github.com/vaultenv/vaultenv-cli/internal/ui/output.go:177.5,178.34 2 4
github.com/vaultenv/vaultenv-cli/internal/ui/output.go:178.34,180.30 2 9
github.com/vaultenv/vaultenv-cli/internal/ui/output.go:180.30,182.10 1 5
github.com/vaultenv/vaultenv-cli/internal/ui/output.go:184.5,184.32 1 4
github.com/vaultenv/vaultenv-cli/internal/ui/output.go:189.36,192.2 2 39
github.com/vaultenv/vaultenv-cli/internal/ui/output.go:195.20,198.2 2 1
github.com/vaultenv/vaultenv-cli/internal/ui/output.go:201.23,203.2 1 5
github.com/vaultenv/vaultenv-cli/internal/ui/output.go:205.29,211.2 2 7
github.com/vaultenv/vaultenv-cli/pkg/keystore/keystore.go:31.57,59.16 3 0
github.com/vaultenv/vaultenv-cli/pkg/keystore/keystore.go:59.16,61.3 1 0
github.com/vaultenv/vaultenv-cli/pkg/keystore/keystore.go:63.2,63.37 1 0
github.com/vaultenv/vaultenv-cli/pkg/keystore/keystore.go:67.72,74.2 1 0
github.com/vaultenv/vaultenv-cli/pkg/keystore/keystore.go:77.72,79.16 2 0
github.com/vaultenv/vaultenv-cli/pkg/keystore/keystore.go:79.16,80.36 1 0
github.com/vaultenv/vaultenv-cli/pkg/keystore/keystore.go:80.36,82.4 1 0
github.com/vaultenv/vaultenv-cli/pkg/keystore/keystore.go:83.3,83.60 1 0
github.com/vaultenv/vaultenv-cli/pkg/keystore/keystore.go:86.2,86.23 1 0
github.com/vaultenv/vaultenv-cli/pkg/keystore/keystore.go:90.60,92.49 2 0
github.com/vaultenv/vaultenv-cli/pkg/keystore/keystore.go:92.49,94.3 1 0
github.com/vaultenv/vaultenv-cli/pkg/keystore/keystore.go:95.2,95.12 1 0
github.com/vaultenv/vaultenv-cli/pkg/keystore/keystore.go:99.61,101.16 2 0
github.com/vaultenv/vaultenv-cli/pkg/keystore/keystore.go:101.16,103.3 1 0
github.com/vaultenv/vaultenv-cli/pkg/keystore/keystore.go:105.2,108.27 3 0
github.com/vaultenv/vaultenv-cli/pkg/keystore/keystore.go:108.27,109.60 1 0
github.com/vaultenv/vaultenv-cli/pkg/keystore/keystore.go:109.60,112.4 2 0
github.com/vaultenv/vaultenv-cli/pkg/keystore/keystore.go:115.2,115.22 1 0
github.com/vaultenv/vaultenv-cli/pkg/keystore/keystore.go:119.62,121.2 1 0
github.com/vaultenv/vaultenv-cli/pkg/keystore/keystore.go:124.42,126.22 1 0
github.com/vaultenv/vaultenv-cli/pkg/keystore/keystore.go:127.16,128.26 1 0
github.com/vaultenv/vaultenv-cli/pkg/keystore/keystore.go:129.17,130.38 1 0
github.com/vaultenv/vaultenv-cli/pkg/keystore/keystore.go:131.15,133.32 1 0
github.com/vaultenv/vaultenv-cli/pkg/keystore/keystore.go:133.32,135.4 1 0
github.com/vaultenv/vaultenv-cli/pkg/keystore/keystore.go:136.3,136.26 1 0
github.com/vaultenv/vaultenv-cli/pkg/keystore/keystore.go:137.10,138.26 1 0
github.com/vaultenv/vaultenv-cli/pkg/keystore/mock.go:12.38,16.2 1 4
github.com/vaultenv/vaultenv-cli/pkg/keystore/mock.go:18.74,19.19 1 9
github.com/vaultenv/vaultenv-cli/pkg/keystore/mock.go:19.19,21.3 1 0
github.com/vaultenv/vaultenv-cli/pkg/keystore/mock.go:22.2,22.20 1 9
github.com/vaultenv/vaultenv-cli/pkg/keystore/mock.go:22.20,24.3 1 1
github.com/vaultenv/vaultenv-cli/pkg/keystore/mock.go:25.2,28.12 3 8
github.com/vaultenv/vaultenv-cli/pkg/keystore/mock.go:31.74,32.19 1 5
github.com/vaultenv/vaultenv-cli/pkg/keystore/mock.go:32.19,34.3 1 0
github.com/vaultenv/vaultenv-cli/pkg/keystore/mock.go:35.2,37.13 3 5
github.com/vaultenv/vaultenv-cli/pkg/keystore/mock.go:37.13,39.3 1 2
github.com/vaultenv/vaultenv-cli/pkg/keystore/mock.go:41.2,41.42 1 3
github.com/vaultenv/vaultenv-cli/pkg/keystore/mock.go:44.62,45.19 1 2
github.com/vaultenv/vaultenv-cli/pkg/keystore/mock.go:45.19,47.3 1 0
github.com/vaultenv/vaultenv-cli/pkg/keystore/mock.go:48.2,50.12 3 2
github.com/vaultenv/vaultenv-cli/pkg/keystore/mock.go:53.63,54.19 1 2
github.com/vaultenv/vaultenv-cli/pkg/keystore/mock.go:54.19,56.3 1 0
github.com/vaultenv/vaultenv-cli/pkg/keystore/mock.go:57.2,60.26 3 2
github.com/vaultenv/vaultenv-cli/pkg/keystore/mock.go:60.26,61.60 1 4
github.com/vaultenv/vaultenv-cli/pkg/keystore/mock.go:61.60,64.4 2 3
github.com/vaultenv/vaultenv-cli/pkg/keystore/mock.go:67.2,67.22 1 2
github.com/vaultenv/vaultenv-cli/internal/cmd/completion.go:12.44,53.2 2 90
github.com/vaultenv/vaultenv-cli/internal/cmd/completion.go:55.61,56.20 1 0
github.com/vaultenv/vaultenv-cli/internal/cmd/completion.go:57.17,58.55 1 0
github.com/vaultenv/vaultenv-cli/internal/cmd/completion.go:59.16,60.54 1 0
github.com/vaultenv/vaultenv-cli/internal/cmd/completion.go:61.17,62.61 1 0
github.com/vaultenv/vaultenv-cli/internal/cmd/completion.go:63.23,64.69 1 0
github.com/vaultenv/vaultenv-cli/internal/cmd/completion.go:65.13,66.60 1 0
github.com/vaultenv/vaultenv-cli/internal/cmd/completion.go:71.119,76.38 3 0
github.com/vaultenv/vaultenv-cli/internal/cmd/completion.go:76.38,77.47 1 0
github.com/vaultenv/vaultenv-cli/internal/cmd/completion.go:77.47,79.10 1 0
github.com/vaultenv/vaultenv-cli/internal/cmd/completion.go:82.5,82.55 1 0
github.com/vaultenv/vaultenv-cli/internal/cmd/completion.go:86.120,116.44 3 0
github.com/vaultenv/vaultenv-cli/internal/cmd/completion.go:116.44,117.88 1 0
github.com/vaultenv/vaultenv-cli/internal/cmd/completion.go:117.88,119.10 1 0
github.com/vaultenv/vaultenv-cli/internal/cmd/completion.go:122.5,122.55 1 0
github.com/vaultenv/vaultenv-cli/internal/cmd/completion.go:126.124,129.18 2 0
github.com/vaultenv/vaultenv-cli/internal/cmd/completion.go:129.18,131.6 1 0
github.com/vaultenv/vaultenv-cli/internal/cmd/completion.go:134.5,135.19 2 0
github.com/vaultenv/vaultenv-cli/internal/cmd/completion.go:135.19,137.6 1 0
github.com/vaultenv/vaultenv-cli/internal/cmd/completion.go:138.5,142.19 3 0
github.com/vaultenv/vaultenv-cli/internal/cmd/completion.go:142.19,144.6 1 0
github.com/vaultenv/vaultenv-cli/internal/cmd/completion.go:146.5,147.30 2 0
github.com/vaultenv/vaultenv-cli/internal/cmd/completion.go:147.30,148.81 1 0
github.com/vaultenv/vaultenv-cli/internal/cmd/completion.go:148.81,150.10 1 0
github.com/vaultenv/vaultenv-cli/internal/cmd/completion.go:153.5,153.55 1 0
github.com/vaultenv/vaultenv-cli/internal/cmd/completion.go:157.115,172.38 3 0
github.com/vaultenv/vaultenv-cli/internal/cmd/completion.go:172.38,173.51 1 0
github.com/vaultenv/vaultenv-cli/internal/cmd/completion.go:173.51,175.10 1 0
github.com/vaultenv/vaultenv-cli/internal/cmd/completion.go:178.5,178.55 1 0
github.com/vaultenv/vaultenv-cli/internal/cmd/execute.go:58.67,69.60 4 0
github.com/vaultenv/vaultenv-cli/internal/cmd/execute.go:69.60,71.31 2 0
github.com/vaultenv/vaultenv-cli/internal/cmd/execute.go:71.31,75.18 3 0
github.com/vaultenv/vaultenv-cli/internal/cmd/execute.go:76.17,82.28 4 0
github.com/vaultenv/vaultenv-cli/internal/cmd/execute.go:82.28,84.18 1 0
github.com/vaultenv/vaultenv-cli/internal/cmd/execute.go:88.13,88.24 1 0
github.com/vaultenv/vaultenv-cli/internal/cmd/execute.go:88.24,91.14 1 0
github.com/vaultenv/vaultenv-cli/internal/cmd/execute.go:103.36,110.45 3 0
github.com/vaultenv/vaultenv-cli/internal/cmd/execute.go:110.45,114.6 2 0
github.com/vaultenv/vaultenv-cli/internal/cmd/execute.go:116.5,116.15 1 0
github.com/vaultenv/vaultenv-cli/internal/cmd/execute.go:120.38,125.67 1 90
github.com/vaultenv/vaultenv-cli/internal/cmd/execute.go:125.67,136.60 4 139
github.com/vaultenv/vaultenv-cli/internal/cmd/execute.go:136.60,138.31 2 139
github.com/vaultenv/vaultenv-cli/internal/cmd/execute.go:138.31,142.18 3 0
github.com/vaultenv/vaultenv-cli/internal/cmd/execute.go:143.17,149.28 4 139
github.com/vaultenv/vaultenv-cli/internal/cmd/execute.go:149.28,151.18 1 0
github.com/vaultenv/vaultenv-cli/internal/cmd/execute.go:155.13,155.24 1 139
github.com/vaultenv/vaultenv-cli/internal/cmd/execute.go:155.24,158.14 1 0
github.com/vaultenv/vaultenv-cli/internal/cmd/execute.go:165.5,183.15 13 90
github.com/vaultenv/vaultenv-cli/internal/cmd/execute.go:186.13,200.2 5 1
github.com/vaultenv/vaultenv-cli/internal/cmd/execute.go:202.29,204.47 1 139
github.com/vaultenv/vaultenv-cli/internal/cmd/execute.go:204.47,207.6 2 0
github.com/vaultenv/vaultenv-cli/internal/cmd/execute.go:210.5,210.30 1 139
github.com/vaultenv/vaultenv-cli/internal/cmd/execute.go:210.30,213.6 2 0
github.com/vaultenv/vaultenv-cli/internal/cmd/execute.go:216.5,216.34 1 139
github.com/vaultenv/vaultenv-cli/internal/cmd/execute.go:216.34,219.6 1 0
github.com/vaultenv/vaultenv-cli/internal/cmd/execute.go:222.25,223.22 1 139
github.com/vaultenv/vaultenv-cli/internal/cmd/execute.go:223.22,226.6 1 0
github.com/vaultenv/vaultenv-cli/internal/cmd/execute.go:226.11,235.6 5 139
github.com/vaultenv/vaultenv-cli/internal/cmd/execute.go:238.5,242.59 3 139
github.com/vaultenv/vaultenv-cli/internal/cmd/execute.go:242.59,244.6 1 0
github.com/vaultenv/vaultenv-cli/internal/cmd/execute.go:247.29,250.2 1 0
github.com/vaultenv/vaultenv-cli/internal/cmd/execute.go:252.20,263.2 9 0
github.com/vaultenv/vaultenv-cli/internal/cmd/execute.go:266.50,268.22 1 139
github.com/vaultenv/vaultenv-cli/internal/cmd/execute.go:268.22,270.6 1 0
github.com/vaultenv/vaultenv-cli/internal/cmd/execute.go:273.5,273.25 1 139
github.com/vaultenv/vaultenv-cli/internal/cmd/execute.go:277.45,279.44 1 139
github.com/vaultenv/vaultenv-cli/internal/cmd/execute.go:279.44,280.31 1 278
github.com/vaultenv/vaultenv-cli/internal/cmd/execute.go:280.31,282.10 1 0
github.com/vaultenv/vaultenv-cli/internal/cmd/execute.go:286.5,286.25 1 139
github.com/vaultenv/vaultenv-cli/internal/cmd/execute.go:286.25,287.41 1 139
github.com/vaultenv/vaultenv-cli/internal/cmd/execute.go:287.41,288.30 1 695
github.com/vaultenv/vaultenv-cli/internal/cmd/execute.go:288.30,290.14 1 0
github.com/vaultenv/vaultenv-cli/internal/cmd/execute.go:292.13,292.62 1 695
github.com/vaultenv/vaultenv-cli/internal/cmd/execute.go:292.62,293.22 1 0
github.com/vaultenv/vaultenv-cli/internal/cmd/execute.go:298.5,298.17 1 139
github.com/vaultenv/vaultenv-cli/internal/cmd/execute.go:302.51,303.29 1 0
github.com/vaultenv/vaultenv-cli/internal/cmd/execute.go:303.29,305.6 1 0
github.com/vaultenv/vaultenv-cli/internal/cmd/execute.go:307.5,308.26 2 0
github.com/vaultenv/vaultenv-cli/internal/cmd/execute.go:308.26,310.6 1 0
github.com/vaultenv/vaultenv-cli/internal/cmd/execute.go:312.5,312.15 1 0
github.com/vaultenv/vaultenv-cli/internal/cmd/execute.go:316.55,318.19 2 0
github.com/vaultenv/vaultenv-cli/internal/cmd/execute.go:318.19,319.42 1 0
github.com/vaultenv/vaultenv-cli/internal/cmd/execute.go:321.5,321.15 1 0
github.com/vaultenv/vaultenv-cli/internal/cmd/get.go:18.37,50.61 2 90
github.com/vaultenv/vaultenv-cli/internal/cmd/get.go:50.61,52.10 1 56
github.com/vaultenv/vaultenv-cli/internal/cmd/get.go:56.5,69.15 6 90
github.com/vaultenv/vaultenv-cli/internal/cmd/get.go:72.94,79.29 2 56
github.com/vaultenv/vaultenv-cli/internal/cmd/get.go:79.29,82.23 2 0
github.com/vaultenv/vaultenv-cli/internal/cmd/get.go:82.23,84.10 1 0
github.com/vaultenv/vaultenv-cli/internal/cmd/get.go:87.9,88.53 2 0
github.com/vaultenv/vaultenv-cli/internal/cmd/get.go:88.53,91.27 2 0
github.com/vaultenv/vaultenv-cli/internal/cmd/get.go:91.27,93.14 1 0
github.com/vaultenv/vaultenv-cli/internal/cmd/get.go:96.13,100.31 3 0
github.com/vaultenv/vaultenv-cli/internal/cmd/get.go:100.31,103.36 2 0
github.com/vaultenv/vaultenv-cli/internal/cmd/get.go:103.36,105.18 1 0
github.com/vaultenv/vaultenv-cli/internal/cmd/get.go:108.17,109.31 2 0
github.com/vaultenv/vaultenv-cli/internal/cmd/get.go:109.31,111.18 1 0
github.com/vaultenv/vaultenv-cli/internal/cmd/get.go:112.17,115.31 3 0
github.com/vaultenv/vaultenv-cli/internal/cmd/get.go:115.31,117.18 1 0
github.com/vaultenv/vaultenv-cli/internal/cmd/get.go:120.17,124.31 3 0
github.com/vaultenv/vaultenv-cli/internal/cmd/get.go:124.31,126.18 1 0
github.com/vaultenv/vaultenv-cli/internal/cmd/get.go:129.17,129.51 1 0
github.com/vaultenv/vaultenv-cli/internal/cmd/get.go:135.5,136.19 2 56
github.com/vaultenv/vaultenv-cli/internal/cmd/get.go:136.19,138.6 1 0
github.com/vaultenv/vaultenv-cli/internal/cmd/get.go:139.5,145.30 3 56
github.com/vaultenv/vaultenv-cli/internal/cmd/get.go:145.30,147.23 2 73
github.com/vaultenv/vaultenv-cli/internal/cmd/get.go:147.23,148.43 1 4
github.com/vaultenv/vaultenv-cli/internal/cmd/get.go:148.43,150.25 2 4
github.com/vaultenv/vaultenv-cli/internal/cmd/get.go:152.13,152.64 1 0
github.com/vaultenv/vaultenv-cli/internal/cmd/get.go:155.9,158.18 2 69
github.com/vaultenv/vaultenv-cli/internal/cmd/get.go:158.18,160.10 1 36
github.com/vaultenv/vaultenv-cli/internal/cmd/get.go:160.15,160.26 1 33
github.com/vaultenv/vaultenv-cli/internal/cmd/get.go:160.26,162.10 1 7
github.com/vaultenv/vaultenv-cli/internal/cmd/get.go:162.15,164.10 1 26
github.com/vaultenv/vaultenv-cli/internal/cmd/get.go:167.5,167.15 1 56
github.com/vaultenv/vaultenv-cli/internal/cmd/get.go:167.15,169.6 1 3
github.com/vaultenv/vaultenv-cli/internal/cmd/get.go:171.5,171.15 1 53
github.com/vaultenv/vaultenv-cli/internal/cmd/get.go:175.44,185.2 5 15
github.com/vaultenv/vaultenv-cli/internal/cmd/history.go:15.41,36.55 2 90
github.com/vaultenv/vaultenv-cli/internal/cmd/history.go:36.55,38.4 1 0
github.com/vaultenv/vaultenv-cli/internal/cmd/history.go:41.2,44.12 3 90
github.com/vaultenv/vaultenv-cli/internal/cmd/history.go:47.59,50.16 2 0
github.com/vaultenv/vaultenv-cli/internal/cmd/history.go:50.16,52.3 1 0
github.com/vaultenv/vaultenv-cli/internal/cmd/history.go:55.2,65.40 3 0
github.com/vaultenv/vaultenv-cli/internal/cmd/history.go:65.40,67.17 2 0
github.com/vaultenv/vaultenv-cli/internal/cmd/history.go:67.17,69.4 1 0
github.com/vaultenv/vaultenv-cli/internal/cmd/history.go:71.3,75.17 3 0
github.com/vaultenv/vaultenv-cli/internal/cmd/history.go:75.17,77.4 1 0
github.com/vaultenv/vaultenv-cli/internal/cmd/history.go:80.3,80.30 1 0
github.com/vaultenv/vaultenv-cli/internal/cmd/history.go:84.2,85.16 2 0
github.com/vaultenv/vaultenv-cli/internal/cmd/history.go:85.16,87.3 1 0
github.com/vaultenv/vaultenv-cli/internal/cmd/history.go:88.2,92.9 3 0
github.com/vaultenv/vaultenv-cli/internal/cmd/history.go:92.9,94.3 1 0
github.com/vaultenv/vaultenv-cli/internal/cmd/history.go:97.2,98.16 2 0
github.com/vaultenv/vaultenv-cli/internal/cmd/history.go:98.16,100.3 1 0
github.com/vaultenv/vaultenv-cli/internal/cmd/history.go:102.2,102.23 1 0
github.com/vaultenv/vaultenv-cli/internal/cmd/history.go:102.23,105.3 2 0
github.com/vaultenv/vaultenv-cli/internal/cmd/history.go:108.2,110.28 2 0
github.com/vaultenv/vaultenv-cli/internal/cmd/history.go:110.28,116.31 5 0
github.com/vaultenv/vaultenv-cli/internal/cmd/history.go:116.31,119.25 2 0
github.com/vaultenv/vaultenv-cli/internal/cmd/history.go:119.25,121.5 1 0
github.com/vaultenv/vaultenv-cli/internal/cmd/history.go:122.4,122.40 1 0
github.com/vaultenv/vaultenv-cli/internal/cmd/history.go:126.2,126.12 1 0
github.com/vaultenv/vaultenv-cli/internal/cmd/history.go:129.39,157.55 2 90
github.com/vaultenv/vaultenv-cli/internal/cmd/history.go:157.55,159.4 1 0
github.com/vaultenv/vaultenv-cli/internal/cmd/history.go:162.2,167.12 5 90
github.com/vaultenv/vaultenv-cli/internal/cmd/history.go:170.85,173.16 2 0
github.com/vaultenv/vaultenv-cli/internal/cmd/history.go:173.16,175.3 1 0
github.com/vaultenv/vaultenv-cli/internal/cmd/history.go:178.2,188.40 3 0
github.com/vaultenv/vaultenv-cli/internal/cmd/history.go:188.40,190.17 2 0
github.com/vaultenv/vaultenv-cli/internal/cmd/history.go:190.17,192.4 1 0
github.com/vaultenv/vaultenv-cli/internal/cmd/history.go:194.3,198.17 3 0
github.com/vaultenv/vaultenv-cli/internal/cmd/history.go:198.17,200.4 1 0
github.com/vaultenv/vaultenv-cli/internal/cmd/history.go:203.3,203.30 1 0
github.com/vaultenv/vaultenv-cli/internal/cmd/history.go:207.2,208.16 2 0
github.com/vaultenv/vaultenv-cli/internal/cmd/history.go:208.16,210.3 1 0
github.com/vaultenv/vaultenv-cli/internal/cmd/history.go:211.2,215.9 3 0
github.com/vaultenv/vaultenv-cli/internal/cmd/history.go:215.9,217.3 1 0
github.com/vaultenv/vaultenv-cli/internal/cmd/history.go:220.2,221.16 2 0
github.com/vaultenv/vaultenv-cli/internal/cmd/history.go:221.16,223.3 1 0
github.com/vaultenv/vaultenv-cli/internal/cmd/history.go:226.2,227.32 2 0
github.com/vaultenv/vaultenv-cli/internal/cmd/history.go:227.32,228.51 1 0
github.com/vaultenv/vaultenv-cli/internal/cmd/history.go:228.51,229.12 1 0
github.com/vaultenv/vaultenv-cli/internal/cmd/history.go:231.3,231.57 1 0
github.com/vaultenv/vaultenv-cli/internal/cmd/history.go:231.57,232.12 1 0
github.com/vaultenv/vaultenv-cli/internal/cmd/history.go:234.3,234.37 1 0
github.com/vaultenv/vaultenv-cli/internal/cmd/history.go:237.2,237.24 1 0
github.com/vaultenv/vaultenv-cli/internal/cmd/history.go:237.24,240.3 2 0
github.com/vaultenv/vaultenv-cli/internal/cmd/history.go:243.2,245.33 2 0
github.com/vaultenv/vaultenv-cli/internal/cmd/history.go:245.33,249.22 3 0
github.com/vaultenv/vaultenv-cli/internal/cmd/history.go:249.22,251.4 1 0
github.com/vaultenv/vaultenv-cli/internal/cmd/history.go:252.3,254.21 2 0
github.com/vaultenv/vaultenv-cli/internal/cmd/history.go:254.21,256.32 2 0
github.com/vaultenv/vaultenv-cli/internal/cmd/history.go:256.32,258.5 1 0
github.com/vaultenv/vaultenv-cli/internal/cmd/history.go:262.2,262.12 1 0
github.com/vaultenv/vaultenv-cli/internal/cmd/init.go:14.38,39.61 2 90
github.com/vaultenv/vaultenv-cli/internal/cmd/init.go:39.61,41.10 1 0
github.com/vaultenv/vaultenv-cli/internal/cmd/init.go:45.5,50.15 3 90
github.com/vaultenv/vaultenv-cli/internal/cmd/init.go:53.52,56.19 2 0
github.com/vaultenv/vaultenv-cli/internal/cmd/init.go:56.19,58.6 1 0
github.com/vaultenv/vaultenv-cli/internal/cmd/init.go:61.5,61.26 1 0
github.com/vaultenv/vaultenv-cli/internal/cmd/init.go:61.26,63.6 1 0
github.com/vaultenv/vaultenv-cli/internal/cmd/init.go:66.5,69.60 3 0
github.com/vaultenv/vaultenv-cli/internal/cmd/init.go:69.60,71.6 1 0
github.com/vaultenv/vaultenv-cli/internal/cmd/init.go:74.5,106.59 3 0
github.com/vaultenv/vaultenv-cli/internal/cmd/init.go:106.59,108.6 1 0
github.com/vaultenv/vaultenv-cli/internal/cmd/init.go:111.5,111.65 1 0
github.com/vaultenv/vaultenv-cli/internal/cmd/init.go:111.65,113.6 1 0
github.com/vaultenv/vaultenv-cli/internal/cmd/init.go:116.5,127.46 2 0
github.com/vaultenv/vaultenv-cli/internal/cmd/init.go:127.46,129.6 1 0
github.com/vaultenv/vaultenv-cli/internal/cmd/init.go:131.5,161.67 2 0
github.com/vaultenv/vaultenv-cli/internal/cmd/init.go:161.67,163.6 1 0
github.com/vaultenv/vaultenv-cli/internal/cmd/init.go:164.5,164.19 1 0
github.com/vaultenv/vaultenv-cli/internal/cmd/init.go:164.19,166.6 1 0
github.com/vaultenv/vaultenv-cli/internal/cmd/init.go:169.5,186.64 2 0
github.com/vaultenv/vaultenv-cli/internal/cmd/init.go:186.64,188.6 1 0
github.com/vaultenv/vaultenv-cli/internal/cmd/init.go:189.5,189.19 1 0
github.com/vaultenv/vaultenv-cli/internal/cmd/init.go:189.19,191.6 1 0
github.com/vaultenv/vaultenv-cli/internal/cmd/init.go:194.5,215.66 2 0
github.com/vaultenv/vaultenv-cli/internal/cmd/init.go:215.66,217.6 1 0
github.com/vaultenv/vaultenv-cli/internal/cmd/init.go:218.5,218.19 1 0
github.com/vaultenv/vaultenv-cli/internal/cmd/init.go:218.19,220.6 1 0
github.com/vaultenv/vaultenv-cli/internal/cmd/init.go:223.5,231.15 8 0
github.com/vaultenv/vaultenv-cli/internal/cmd/list.go:19.38,46.61 2 90
github.com/vaultenv/vaultenv-cli/internal/cmd/list.go:46.61,48.10 1 24
github.com/vaultenv/vaultenv-cli/internal/cmd/list.go:52.5,63.15 6 90
github.com/vaultenv/vaultenv-cli/internal/cmd/list.go:66.93,73.29 2 24
github.com/vaultenv/vaultenv-cli/internal/cmd/list.go:73.29,76.23 2 0
github.com/vaultenv/vaultenv-cli/internal/cmd/list.go:76.23,78.10 1 0
github.com/vaultenv/vaultenv-cli/internal/cmd/list.go:81.9,82.53 2 0
github.com/vaultenv/vaultenv-cli/internal/cmd/list.go:82.53,85.27 2 0
github.com/vaultenv/vaultenv-cli/internal/cmd/list.go:85.27,87.14 1 0
github.com/vaultenv/vaultenv-cli/internal/cmd/list.go:90.13,94.31 3 0
github.com/vaultenv/vaultenv-cli/internal/cmd/list.go:94.31,97.36 2 0
github.com/vaultenv/vaultenv-cli/internal/cmd/list.go:97.36,99.18 1 0
github.com/vaultenv/vaultenv-cli/internal/cmd/list.go:102.17,103.31 2 0
github.com/vaultenv/vaultenv-cli/internal/cmd/list.go:103.31,105.18 1 0
github.com/vaultenv/vaultenv-cli/internal/cmd/list.go:106.17,109.31 3 0
github.com/vaultenv/vaultenv-cli/internal/cmd/list.go:109.31,111.18 1 0
github.com/vaultenv/vaultenv-cli/internal/cmd/list.go:114.17,118.31 3 0
github.com/vaultenv/vaultenv-cli/internal/cmd/list.go:118.31,120.18 1 0
github.com/vaultenv/vaultenv-cli/internal/cmd/list.go:123.17,123.51 1 0
github.com/vaultenv/vaultenv-cli/internal/cmd/list.go:129.5,130.19 2 24
github.com/vaultenv/vaultenv-cli/internal/cmd/list.go:130.19,132.6 1 0
github.com/vaultenv/vaultenv-cli/internal/cmd/list.go:133.5,137.19 3 24
github.com/vaultenv/vaultenv-cli/internal/cmd/list.go:137.19,139.6 1 0
github.com/vaultenv/vaultenv-cli/internal/cmd/list.go:141.5,141.23 1 24
github.com/vaultenv/vaultenv-cli/internal/cmd/list.go:141.23,144.6 2 1
github.com/vaultenv/vaultenv-cli/internal/cmd/list.go:147.5,147.22 1 23
github.com/vaultenv/vaultenv-cli/internal/cmd/list.go:147.22,149.27 2 12
github.com/vaultenv/vaultenv-cli/internal/cmd/list.go:149.27,152.10 2 2
github.com/vaultenv/vaultenv-cli/internal/cmd/list.go:156.5,163.19 4 21
github.com/vaultenv/vaultenv-cli/internal/cmd/list.go:163.19,166.34 2 4
github.com/vaultenv/vaultenv-cli/internal/cmd/list.go:166.34,167.37 1 8
github.com/vaultenv/vaultenv-cli/internal/cmd/list.go:167.37,169.14 1 6
github.com/vaultenv/vaultenv-cli/internal/cmd/list.go:172.9,172.34 1 4
github.com/vaultenv/vaultenv-cli/internal/cmd/list.go:172.34,174.27 2 8
github.com/vaultenv/vaultenv-cli/internal/cmd/list.go:174.27,176.25 2 0
github.com/vaultenv/vaultenv-cli/internal/cmd/list.go:180.13,181.39 2 8
github.com/vaultenv/vaultenv-cli/internal/cmd/list.go:181.39,183.14 1 1
github.com/vaultenv/vaultenv-cli/internal/cmd/list.go:185.13,185.88 1 8
github.com/vaultenv/vaultenv-cli/internal/cmd/list.go:187.11,189.34 1 17
github.com/vaultenv/vaultenv-cli/internal/cmd/list.go:189.34,191.10 1 1190
github.com/vaultenv/vaultenv-cli/internal/cmd/list.go:194.5,197.15 3 21
github.com/vaultenv/vaultenv-cli/internal/cmd/list.go:201.57,203.30 2 20
github.com/vaultenv/vaultenv-cli/internal/cmd/list.go:203.30,204.62 1 1100
github.com/vaultenv/vaultenv-cli/internal/cmd/list.go:204.62,206.10 1 138
github.com/vaultenv/vaultenv-cli/internal/cmd/list.go:208.5,208.20 1 20
github.com/vaultenv/vaultenv-cli/internal/cmd/list.go:212.52,214.40 1 1110
github.com/vaultenv/vaultenv-cli/internal/cmd/list.go:214.40,216.6 1 25
github.com/vaultenv/vaultenv-cli/internal/cmd/list.go:222.5,222.23 1 1085
github.com/vaultenv/vaultenv-cli/internal/cmd/list.go:222.23,224.6 1 14
github.com/vaultenv/vaultenv-cli/internal/cmd/list.go:226.5,226.75 1 1071
github.com/vaultenv/vaultenv-cli/internal/cmd/list.go:226.75,230.6 2 4
github.com/vaultenv/vaultenv-cli/internal/cmd/list.go:232.5,232.40 1 1067
github.com/vaultenv/vaultenv-cli/internal/cmd/list.go:232.40,236.6 2 18
github.com/vaultenv/vaultenv-cli/internal/cmd/list.go:238.5,238.40 1 1049
github.com/vaultenv/vaultenv-cli/internal/cmd/list.go:238.40,242.6 2 1046
github.com/vaultenv/vaultenv-cli/internal/cmd/list.go:245.5,248.58 2 3
github.com/vaultenv/vaultenv-cli/internal/cmd/list.go:248.58,250.6 1 1
github.com/vaultenv/vaultenv-cli/internal/cmd/list.go:253.5,253.80 1 2
github.com/vaultenv/vaultenv-cli/internal/cmd/list.go:253.80,255.6 1 1
github.com/vaultenv/vaultenv-cli/internal/cmd/list.go:259.5,260.32 2 1
github.com/vaultenv/vaultenv-cli/internal/cmd/list.go:260.32,261.23 1 2
github.com/vaultenv/vaultenv-cli/internal/cmd/list.go:261.23,262.21 1 0
github.com/vaultenv/vaultenv-cli/internal/cmd/list.go:265.9,266.22 2 2
github.com/vaultenv/vaultenv-cli/internal/cmd/list.go:266.22,268.10 1 0
github.com/vaultenv/vaultenv-cli/internal/cmd/list.go:271.9,271.31 1 2
github.com/vaultenv/vaultenv-cli/internal/cmd/list.go:271.31,273.10 1 0
github.com/vaultenv/vaultenv-cli/internal/cmd/list.go:275.9,275.46 1 2
github.com/vaultenv/vaultenv-cli/internal/cmd/list.go:278.5,278.21 1 1
github.com/vaultenv/vaultenv-cli/internal/cmd/migrate.go:14.41,40.55 2 90
github.com/vaultenv/vaultenv-cli/internal/cmd/migrate.go:40.55,42.4 1 0
github.com/vaultenv/vaultenv-cli/internal/cmd/migrate.go:45.2,54.12 8 90
github.com/vaultenv/vaultenv-cli/internal/cmd/migrate.go:57.81,59.24 1 0
github.com/vaultenv/vaultenv-cli/internal/cmd/migrate.go:59.24,61.3 1 0
github.com/vaultenv/vaultenv-cli/internal/cmd/migrate.go:64.2,65.16 2 0
github.com/vaultenv/vaultenv-cli/internal/cmd/migrate.go:65.16,67.3 1 0
github.com/vaultenv/vaultenv-cli/internal/cmd/migrate.go:70.2,76.12 6 0
github.com/vaultenv/vaultenv-cli/internal/cmd/migrate.go:76.12,78.3 1 0
github.com/vaultenv/vaultenv-cli/internal/cmd/migrate.go:81.2,81.23 1 0
github.com/vaultenv/vaultenv-cli/internal/cmd/migrate.go:81.23,87.41 5 0
github.com/vaultenv/vaultenv-cli/internal/cmd/migrate.go:87.41,90.4 2 0
github.com/vaultenv/vaultenv-cli/internal/cmd/migrate.go:94.2,105.40 4 0
github.com/vaultenv/vaultenv-cli/internal/cmd/migrate.go:105.40,107.17 2 0
github.com/vaultenv/vaultenv-cli/internal/cmd/migrate.go:107.17,109.4 1 0
github.com/vaultenv/vaultenv-cli/internal/cmd/migrate.go:111.3,115.17 3 0
github.com/vaultenv/vaultenv-cli/internal/cmd/migrate.go:115.17,117.4 1 0
github.com/vaultenv/vaultenv-cli/internal/cmd/migrate.go:120.3,121.33 2 0
github.com/vaultenv/vaultenv-cli/internal/cmd/migrate.go:125.2,126.16 2 0
github.com/vaultenv/vaultenv-cli/internal/cmd/migrate.go:126.16,128.3 1 0
github.com/vaultenv/vaultenv-cli/internal/cmd/migrate.go:129.2,134.16 4 0
github.com/vaultenv/vaultenv-cli/internal/cmd/migrate.go:134.16,136.3 1 0
github.com/vaultenv/vaultenv-cli/internal/cmd/migrate.go:138.2,138.20 1 0
github.com/vaultenv/vaultenv-cli/internal/cmd/migrate.go:138.20,141.3 2 0
github.com/vaultenv/vaultenv-cli/internal/cmd/migrate.go:143.2,147.27 3 0
github.com/vaultenv/vaultenv-cli/internal/cmd/migrate.go:147.27,149.17 2 0
github.com/vaultenv/vaultenv-cli/internal/cmd/migrate.go:149.17,151.4 1 0
github.com/vaultenv/vaultenv-cli/internal/cmd/migrate.go:152.3,152.25 1 0
github.com/vaultenv/vaultenv-cli/internal/cmd/migrate.go:155.2,155.12 1 0
github.com/vaultenv/vaultenv-cli/internal/cmd/migrate.go:155.12,158.28 2 0
github.com/vaultenv/vaultenv-cli/internal/cmd/migrate.go:158.28,160.4 1 0
github.com/vaultenv/vaultenv-cli/internal/cmd/migrate.go:161.3,161.13 1 0
github.com/vaultenv/vaultenv-cli/internal/cmd/migrate.go:165.2,173.16 3 0
github.com/vaultenv/vaultenv-cli/internal/cmd/migrate.go:173.16,175.3 1 0
github.com/vaultenv/vaultenv-cli/internal/cmd/migrate.go:176.2,182.36 4 0
github.com/vaultenv/vaultenv-cli/internal/cmd/migrate.go:182.36,186.53 2 0
github.com/vaultenv/vaultenv-cli/internal/cmd/migrate.go:186.53,188.4 1 0
github.com/vaultenv/vaultenv-cli/internal/cmd/migrate.go:190.3,190.13 1 0
github.com/vaultenv/vaultenv-cli/internal/cmd/migrate.go:194.2,195.35 2 0
github.com/vaultenv/vaultenv-cli/internal/cmd/migrate.go:195.35,198.3 2 0
github.com/vaultenv/vaultenv-cli/internal/cmd/migrate.go:198.8,200.3 1 0
github.com/vaultenv/vaultenv-cli/internal/cmd/migrate.go:202.2,206.24 2 0
github.com/vaultenv/vaultenv-cli/internal/cmd/migrate.go:206.24,214.3 7 0
github.com/vaultenv/vaultenv-cli/internal/cmd/migrate.go:216.2,216.12 1 0
github.com/vaultenv/vaultenv-cli/internal/cmd/set.go:19.37,47.61 2 90
github.com/vaultenv/vaultenv-cli/internal/cmd/set.go:47.61,49.10 1 59
github.com/vaultenv/vaultenv-cli/internal/cmd/set.go:53.5,64.125 5 90
github.com/vaultenv/vaultenv-cli/internal/cmd/set.go:64.125,66.46 1 0
github.com/vaultenv/vaultenv-cli/internal/cmd/set.go:66.46,68.10 1 0
github.com/vaultenv/vaultenv-cli/internal/cmd/set.go:71.9,74.36 2 0
github.com/vaultenv/vaultenv-cli/internal/cmd/set.go:74.36,76.10 1 0
github.com/vaultenv/vaultenv-cli/internal/cmd/set.go:78.9,78.38 1 0
github.com/vaultenv/vaultenv-cli/internal/cmd/set.go:81.5,81.15 1 90
github.com/vaultenv/vaultenv-cli/internal/cmd/set.go:84.80,87.19 2 59
github.com/vaultenv/vaultenv-cli/internal/cmd/set.go:87.19,89.6 1 7
github.com/vaultenv/vaultenv-cli/internal/cmd/set.go:92.5,96.19 3 52
github.com/vaultenv/vaultenv-cli/internal/cmd/set.go:96.19,98.6 1 0
github.com/vaultenv/vaultenv-cli/internal/cmd/set.go:101.5,106.40 2 52
github.com/vaultenv/vaultenv-cli/internal/cmd/set.go:106.40,109.28 2 0
github.com/vaultenv/vaultenv-cli/internal/cmd/set.go:109.28,111.10 1 0
github.com/vaultenv/vaultenv-cli/internal/cmd/set.go:114.9,115.23 2 0
github.com/vaultenv/vaultenv-cli/internal/cmd/set.go:115.23,117.10 1 0
github.com/vaultenv/vaultenv-cli/internal/cmd/set.go:118.9,121.23 3 0
github.com/vaultenv/vaultenv-cli/internal/cmd/set.go:121.23,123.10 1 0
github.com/vaultenv/vaultenv-cli/internal/cmd/set.go:126.9,130.23 3 0
github.com/vaultenv/vaultenv-cli/internal/cmd/set.go:130.23,132.10 1 0
github.com/vaultenv/vaultenv-cli/internal/cmd/set.go:135.9,135.43 1 0
github.com/vaultenv/vaultenv-cli/internal/cmd/set.go:139.5,140.19 2 52
github.com/vaultenv/vaultenv-cli/internal/cmd/set.go:140.19,142.6 1 0
github.com/vaultenv/vaultenv-cli/internal/cmd/set.go:143.5,146.34 2 52
github.com/vaultenv/vaultenv-cli/internal/cmd/set.go:146.34,149.23 2 106
github.com/vaultenv/vaultenv-cli/internal/cmd/set.go:149.23,151.10 1 0
github.com/vaultenv/vaultenv-cli/internal/cmd/set.go:154.9,154.29 1 106
github.com/vaultenv/vaultenv-cli/internal/cmd/set.go:154.29,161.69 3 0
github.com/vaultenv/vaultenv-cli/internal/cmd/set.go:161.69,163.14 1 0
github.com/vaultenv/vaultenv-cli/internal/cmd/set.go:165.13,165.27 1 0
github.com/vaultenv/vaultenv-cli/internal/cmd/set.go:165.27,167.25 2 0
github.com/vaultenv/vaultenv-cli/internal/cmd/set.go:172.9,172.77 1 106
github.com/vaultenv/vaultenv-cli/internal/cmd/set.go:172.77,174.10 1 106
github.com/vaultenv/vaultenv-cli/internal/cmd/set.go:175.9,175.23 1 106
github.com/vaultenv/vaultenv-cli/internal/cmd/set.go:175.23,177.10 1 0
github.com/vaultenv/vaultenv-cli/internal/cmd/set.go:180.5,181.15 2 52
github.com/vaultenv/vaultenv-cli/internal/cmd/set.go:184.63,187.30 2 74
github.com/vaultenv/vaultenv-cli/internal/cmd/set.go:187.30,189.28 2 129
github.com/vaultenv/vaultenv-cli/internal/cmd/set.go:189.28,191.10 1 3
github.com/vaultenv/vaultenv-cli/internal/cmd/set.go:193.9,197.39 3 126
github.com/vaultenv/vaultenv-cli/internal/cmd/set.go:197.39,199.10 1 2
github.com/vaultenv/vaultenv-cli/internal/cmd/set.go:202.9,202.38 1 124
github.com/vaultenv/vaultenv-cli/internal/cmd/set.go:202.38,204.10 1 6
github.com/vaultenv/vaultenv-cli/internal/cmd/set.go:206.9,206.26 1 118
github.com/vaultenv/vaultenv-cli/internal/cmd/set.go:209.5,209.21 1 63
github.com/vaultenv/vaultenv-cli/internal/cmd/set.go:212.44,216.23 1 140
github.com/vaultenv/vaultenv-cli/internal/cmd/set.go:216.23,218.6 1 3
github.com/vaultenv/vaultenv-cli/internal/cmd/set.go:220.5,220.29 1 137
github.com/vaultenv/vaultenv-cli/internal/cmd/set.go:220.29,221.19 1 1981
github.com/vaultenv/vaultenv-cli/internal/cmd/set.go:221.19,222.43 1 137
github.com/vaultenv/vaultenv-cli/internal/cmd/set.go:222.43,224.14 1 4
github.com/vaultenv/vaultenv-cli/internal/cmd/set.go:225.15,226.59 1 1844
github.com/vaultenv/vaultenv-cli/internal/cmd/set.go:226.59,228.14 1 6
github.com/vaultenv/vaultenv-cli/internal/cmd/set.go:232.5,232.16 1 127
github.com/vaultenv/vaultenv-cli/internal/cmd/set.go:235.29,237.2 1 1981
github.com/vaultenv/vaultenv-cli/internal/cmd/set.go:239.28,241.2 1 236
github.com/vaultenv/vaultenv-cli/internal/cmd/utils.go:6.31,9.2 1 131
github.com/vaultenv/vaultenv-cli/internal/cmd/version.go:10.41,15.54 1 90
github.com/vaultenv/vaultenv-cli/internal/cmd/version.go:15.54,22.10 6 0
github.com/vaultenv/vaultenv-cli/internal/cmd/version.go:24.5,24.15 1 90
github.com/vaultenv/vaultenv-cli/internal/config/config.go:128.30,200.2 1 191
github.com/vaultenv/vaultenv-cli/internal/config/config.go:203.30,205.16 2 191
github.com/vaultenv/vaultenv-cli/internal/config/config.go:205.16,207.25 1 191
github.com/vaultenv/vaultenv-cli/internal/config/config.go:207.25,209.4 1 191
github.com/vaultenv/vaultenv-cli/internal/config/config.go:210.3,210.63 1 0
github.com/vaultenv/vaultenv-cli/internal/config/config.go:213.2,213.33 1 0
github.com/vaultenv/vaultenv-cli/internal/config/config.go:217.49,219.16 2 0
github.com/vaultenv/vaultenv-cli/internal/config/config.go:219.16,221.3 1 0
github.com/vaultenv/vaultenv-cli/internal/config/config.go:222.2,224.29 2 0
github.com/vaultenv/vaultenv-cli/internal/config/config.go:228.51,232.47 3 0
github.com/vaultenv/vaultenv-cli/internal/config/config.go:232.47,234.3 1 0
github.com/vaultenv/vaultenv-cli/internal/config/config.go:237.2,237.42 1 0
github.com/vaultenv/vaultenv-cli/internal/config/config.go:237.42,239.3 1 0
github.com/vaultenv/vaultenv-cli/internal/config/config.go:241.2,241.20 1 0
github.com/vaultenv/vaultenv-cli/internal/config/config.go:245.31,248.2 2 0
github.com/vaultenv/vaultenv-cli/internal/config/config.go:251.48,254.47 2 0
github.com/vaultenv/vaultenv-cli/internal/config/config.go:254.47,256.3 1 0
github.com/vaultenv/vaultenv-cli/internal/config/config.go:258.2,259.16 2 0
github.com/vaultenv/vaultenv-cli/internal/config/config.go:259.16,261.3 1 0
github.com/vaultenv/vaultenv-cli/internal/config/config.go:262.2,264.29 2 0
github.com/vaultenv/vaultenv-cli/internal/config/config.go:268.50,273.42 4 0
github.com/vaultenv/vaultenv-cli/internal/config/config.go:273.42,275.3 1 0
github.com/vaultenv/vaultenv-cli/internal/config/config.go:277.2,277.12 1 0
github.com/vaultenv/vaultenv-cli/internal/config/config.go:281.35,283.21 1 0
github.com/vaultenv/vaultenv-cli/internal/config/config.go:283.21,285.3 1 0
github.com/vaultenv/vaultenv-cli/internal/config/config.go:288.2,288.26 1 0
github.com/vaultenv/vaultenv-cli/internal/config/config.go:288.26,290.3 1 0
github.com/vaultenv/vaultenv-cli/internal/config/config.go:293.2,294.31 2 0
github.com/vaultenv/vaultenv-cli/internal/config/config.go:294.31,296.3 1 0
github.com/vaultenv/vaultenv-cli/internal/config/config.go:299.2,303.41 2 0
github.com/vaultenv/vaultenv-cli/internal/config/config.go:303.41,305.3 1 0
github.com/vaultenv/vaultenv-cli/internal/config/config.go:308.2,313.49 2 0
github.com/vaultenv/vaultenv-cli/internal/config/config.go:313.49,315.3 1 0
github.com/vaultenv/vaultenv-cli/internal/config/config.go:318.2,323.64 2 0
github.com/vaultenv/vaultenv-cli/internal/config/config.go:323.64,325.3 1 0
github.com/vaultenv/vaultenv-cli/internal/config/config.go:328.2,333.30 2 0
github.com/vaultenv/vaultenv-cli/internal/config/config.go:333.30,335.3 1 0
github.com/vaultenv/vaultenv-cli/internal/config/config.go:337.2,337.12 1 0
github.com/vaultenv/vaultenv-cli/internal/config/config.go:341.47,342.18 1 0
github.com/vaultenv/vaultenv-cli/internal/config/config.go:342.18,344.3 1 0
github.com/vaultenv/vaultenv-cli/internal/config/config.go:347.2,350.25 2 0
github.com/vaultenv/vaultenv-cli/internal/config/config.go:350.25,352.3 1 0
github.com/vaultenv/vaultenv-cli/internal/config/config.go:355.2,355.30 1 0
github.com/vaultenv/vaultenv-cli/internal/config/config.go:355.30,357.3 1 0
github.com/vaultenv/vaultenv-cli/internal/config/config.go:358.2,358.28 1 0
github.com/vaultenv/vaultenv-cli/internal/config/config.go:358.28,360.3 1 0
github.com/vaultenv/vaultenv-cli/internal/config/config.go:361.2,361.37 1 0
github.com/vaultenv/vaultenv-cli/internal/config/config.go:361.37,363.3 1 0
github.com/vaultenv/vaultenv-cli/internal/config/config.go:364.2,364.30 1 0
github.com/vaultenv/vaultenv-cli/internal/config/config.go:364.30,366.3 1 0
github.com/vaultenv/vaultenv-cli/internal/config/config.go:367.2,367.33 1 0
github.com/vaultenv/vaultenv-cli/internal/config/config.go:367.33,369.3 1 0
github.com/vaultenv/vaultenv-cli/internal/config/config.go:370.2,370.37 1 0
github.com/vaultenv/vaultenv-cli/internal/config/config.go:370.37,372.3 1 0
github.com/vaultenv/vaultenv-cli/internal/config/config.go:377.2,377.16 1 0
github.com/vaultenv/vaultenv-cli/internal/config/config.go:381.39,383.16 2 191
github.com/vaultenv/vaultenv-cli/internal/config/config.go:383.16,385.3 1 0
github.com/vaultenv/vaultenv-cli/internal/config/config.go:387.2,387.6 1 191
github.com/vaultenv/vaultenv-cli/internal/config/config.go:387.6,389.48 2 955
github.com/vaultenv/vaultenv-cli/internal/config/config.go:389.48,391.4 1 0
github.com/vaultenv/vaultenv-cli/internal/config/config.go:394.3,395.20 2 955
github.com/vaultenv/vaultenv-cli/internal/config/config.go:395.20,396.9 1 191
github.com/vaultenv/vaultenv-cli/internal/config/config.go:398.3,398.15 1 764
github.com/vaultenv/vaultenv-cli/internal/config/config.go:401.2,401.27 1 191
github.com/vaultenv/vaultenv-cli/internal/config/config.go:405.40,406.34 1 0
github.com/vaultenv/vaultenv-cli/internal/config/config.go:406.34,408.3 1 0
github.com/vaultenv/vaultenv-cli/internal/config/config.go:411.2,412.41 2 0
github.com/vaultenv/vaultenv-cli/internal/config/config.go:412.41,414.3 1 0
github.com/vaultenv/vaultenv-cli/internal/config/config.go:416.2,416.62 1 0
github.com/vaultenv/vaultenv-cli/internal/config/config.go:420.56,421.23 1 0
github.com/vaultenv/vaultenv-cli/internal/config/config.go:421.23,423.3 1 0
github.com/vaultenv/vaultenv-cli/internal/config/config.go:425.2,425.55 1 0
github.com/vaultenv/vaultenv-cli/internal/config/config.go:429.42,432.2 1 0
github.com/vaultenv/vaultenv-cli/internal/test/helpers.go:31.56,63.24 14 59
github.com/vaultenv/vaultenv-cli/internal/test/helpers.go:63.24,65.3 1 59
github.com/vaultenv/vaultenv-cli/internal/test/helpers.go:68.2,72.24 4 59
github.com/vaultenv/vaultenv-cli/internal/test/helpers.go:72.24,74.3 1 59
github.com/vaultenv/vaultenv-cli/internal/test/helpers.go:76.2,76.12 1 59
github.com/vaultenv/vaultenv-cli/internal/test/helpers.go:80.53,86.22 4 177
github.com/vaultenv/vaultenv-cli/internal/test/helpers.go:86.22,87.13 1 177
github.com/vaultenv/vaultenv-cli/internal/test/helpers.go:87.13,89.4 1 59
github.com/vaultenv/vaultenv-cli/internal/test/helpers.go:89.9,91.4 1 118
github.com/vaultenv/vaultenv-cli/internal/test/helpers.go:96.49,98.2 1 295
github.com/vaultenv/vaultenv-cli/internal/test/helpers.go:101.37,102.46 1 59
github.com/vaultenv/vaultenv-cli/internal/test/helpers.go:102.46,104.3 1 295
github.com/vaultenv/vaultenv-cli/internal/test/helpers.go:108.66,116.2 5 0
github.com/vaultenv/vaultenv-cli/internal/test/helpers.go:119.56,127.2 5 0
github.com/vaultenv/vaultenv-cli/internal/test/helpers.go:136.81,153.2 7 143
github.com/vaultenv/vaultenv-cli/internal/test/helpers.go:156.50,162.12 4 0
github.com/vaultenv/vaultenv-cli/internal/test/helpers.go:162.12,165.3 2 0
github.com/vaultenv/vaultenv-cli/internal/test/helpers.go:167.2,167.16 1 0
github.com/vaultenv/vaultenv-cli/internal/test/helpers.go:167.16,170.3 2 0
github.com/vaultenv/vaultenv-cli/internal/test/helpers.go:174.50,178.2 3 0
github.com/vaultenv/vaultenv-cli/internal/test/helpers.go:181.53,185.2 3 0
github.com/vaultenv/vaultenv-cli/internal/test/helpers.go:188.69,193.2 4 0
github.com/vaultenv/vaultenv-cli/internal/test/helpers.go:196.43,205.2 5 0
github.com/vaultenv/vaultenv-cli/internal/test/helpers.go:208.63,211.27 2 0
github.com/vaultenv/vaultenv-cli/internal/test/helpers.go:211.27,213.22 2 0
github.com/vaultenv/vaultenv-cli/internal/test/helpers.go:213.22,215.4 1 0
github.com/vaultenv/vaultenv-cli/internal/test/helpers.go:217.3,221.16 3 0
github.com/vaultenv/vaultenv-cli/internal/test/helpers.go:221.16,223.4 1 0
github.com/vaultenv/vaultenv-cli/internal/test/helpers.go:225.3,225.22 1 0
github.com/vaultenv/vaultenv-cli/internal/test/helpers.go:228.2,228.20 1 0
github.com/vaultenv/vaultenv-cli/internal/keystore/keystore.go:41.53,45.51 2 7
github.com/vaultenv/vaultenv-cli/internal/keystore/keystore.go:45.51,47.3 1 0
github.com/vaultenv/vaultenv-cli/internal/keystore/keystore.go:50.2,51.16 2 7
github.com/vaultenv/vaultenv-cli/internal/keystore/keystore.go:51.16,53.3 1 0
github.com/vaultenv/vaultenv-cli/internal/keystore/keystore.go:55.2,61.40 2 7
github.com/vaultenv/vaultenv-cli/internal/keystore/keystore.go:61.40,64.3 2 0
github.com/vaultenv/vaultenv-cli/internal/keystore/keystore.go:66.2,66.16 1 7
github.com/vaultenv/vaultenv-cli/internal/keystore/keystore.go:70.35,72.2 1 7
github.com/vaultenv/vaultenv-cli/internal/keystore/keystore.go:75.71,80.16 3 8
github.com/vaultenv/vaultenv-cli/internal/keystore/keystore.go:80.16,82.3 1 0
github.com/vaultenv/vaultenv-cli/internal/keystore/keystore.go:85.2,91.16 3 8
github.com/vaultenv/vaultenv-cli/internal/keystore/keystore.go:91.16,93.3 1 0
github.com/vaultenv/vaultenv-cli/internal/keystore/keystore.go:95.2,95.12 1 8
github.com/vaultenv/vaultenv-cli/internal/keystore/keystore.go:99.65,104.16 4 6
github.com/vaultenv/vaultenv-cli/internal/keystore/keystore.go:104.16,105.27 1 3
github.com/vaultenv/vaultenv-cli/internal/keystore/keystore.go:105.27,107.4 1 3
github.com/vaultenv/vaultenv-cli/internal/keystore/keystore.go:108.3,108.55 1 0
github.com/vaultenv/vaultenv-cli/internal/keystore/keystore.go:111.2,112.53 2 3
github.com/vaultenv/vaultenv-cli/internal/keystore/keystore.go:112.53,114.3 1 0
github.com/vaultenv/vaultenv-cli/internal/keystore/keystore.go:116.2,116.20 1 3
github.com/vaultenv/vaultenv-cli/internal/keystore/keystore.go:120.55,124.16 3 3
github.com/vaultenv/vaultenv-cli/internal/keystore/keystore.go:124.16,126.3 1 0
github.com/vaultenv/vaultenv-cli/internal/keystore/keystore.go:128.2,129.16 2 3
github.com/vaultenv/vaultenv-cli/internal/keystore/keystore.go:129.16,131.3 1 0
github.com/vaultenv/vaultenv-cli/internal/keystore/keystore.go:133.2,133.23 1 3
github.com/vaultenv/vaultenv-cli/internal/keystore/keystore.go:133.23,135.3 1 1
github.com/vaultenv/vaultenv-cli/internal/keystore/keystore.go:137.2,137.12 1 2
github.com/vaultenv/vaultenv-cli/internal/keystore/keystore.go:141.54,145.16 3 2
github.com/vaultenv/vaultenv-cli/internal/keystore/keystore.go:145.16,147.3 1 0
github.com/vaultenv/vaultenv-cli/internal/keystore/keystore.go:148.2,151.18 3 2
github.com/vaultenv/vaultenv-cli/internal/keystore/keystore.go:151.18,153.47 2 3
github.com/vaultenv/vaultenv-cli/internal/keystore/keystore.go:153.47,155.4 1 0
github.com/vaultenv/vaultenv-cli/internal/keystore/keystore.go:156.3,156.41 1 3
github.com/vaultenv/vaultenv-cli/internal/keystore/keystore.go:159.2,159.35 1 2
github.com/vaultenv/vaultenv-cli/internal/keystore/keystore.go:159.35,161.3 1 0
github.com/vaultenv/vaultenv-cli/internal/keystore/keystore.go:163.2,163.22 1 2
github.com/vaultenv/vaultenv-cli/internal/keystore/keystore.go:167.53,170.53 2 1
github.com/vaultenv/vaultenv-cli/internal/keystore/keystore.go:170.53,172.3 1 0
github.com/vaultenv/vaultenv-cli/internal/keystore/keystore.go:175.2,177.16 3 1
github.com/vaultenv/vaultenv-cli/internal/keystore/keystore.go:177.16,179.3 1 0
github.com/vaultenv/vaultenv-cli/internal/keystore/keystore.go:181.2,181.12 1 1
github.com/vaultenv/vaultenv-cli/internal/keystore/keystore.go:185.54,187.47 1 2
github.com/vaultenv/vaultenv-cli/internal/keystore/keystore.go:187.47,189.3 1 1
github.com/vaultenv/vaultenv-cli/internal/keystore/keystore.go:192.2,192.38 1 1
github.com/vaultenv/vaultenv-cli/internal/keystore/keystore.go:192.38,194.3 1 0
github.com/vaultenv/vaultenv-cli/internal/keystore/keystore.go:197.2,198.16 2 1
github.com/vaultenv/vaultenv-cli/internal/keystore/keystore.go:198.16,200.3 1 0
github.com/vaultenv/vaultenv-cli/internal/keystore/keystore.go:202.2,202.66 1 1
github.com/vaultenv/vaultenv-cli/internal/keystore/keystore.go:202.66,204.3 1 0
github.com/vaultenv/vaultenv-cli/internal/keystore/keystore.go:207.2,208.16 2 1
github.com/vaultenv/vaultenv-cli/internal/keystore/keystore.go:208.16,210.3 1 0
github.com/vaultenv/vaultenv-cli/internal/keystore/keystore.go:212.2,213.12 2 1
github.com/vaultenv/vaultenv-cli/internal/keystore/keystore.go:217.40,226.52 2 7
github.com/vaultenv/vaultenv-cli/internal/keystore/keystore.go:226.52,228.3 1 0
github.com/vaultenv/vaultenv-cli/internal/keystore/keystore.go:231.2,233.40 3 7
github.com/vaultenv/vaultenv-cli/internal/keystore/keystore.go:233.40,235.3 1 0
github.com/vaultenv/vaultenv-cli/internal/keystore/keystore.go:237.2,238.19 2 7
github.com/vaultenv/vaultenv-cli/internal/keystore/keystore.go:238.19,240.3 1 0
github.com/vaultenv/vaultenv-cli/internal/keystore/keystore.go:243.2,243.24 1 7
github.com/vaultenv/vaultenv-cli/internal/keystore/keystore.go:243.24,244.46 1 7
github.com/vaultenv/vaultenv-cli/internal/keystore/keystore.go:244.46,246.4 1 0
github.com/vaultenv/vaultenv-cli/internal/keystore/keystore.go:249.2,249.12 1 7
github.com/vaultenv/vaultenv-cli/internal/keystore/keystore.go:253.45,255.16 2 7
github.com/vaultenv/vaultenv-cli/internal/keystore/keystore.go:255.16,257.3 1 0
github.com/vaultenv/vaultenv-cli/internal/keystore/keystore.go:258.2,270.46 3 7
github.com/vaultenv/vaultenv-cli/internal/keystore/keystore.go:270.46,272.3 1 0
github.com/vaultenv/vaultenv-cli/internal/keystore/keystore.go:275.2,275.91 1 7
github.com/vaultenv/vaultenv-cli/internal/keystore/keystore.go:275.91,277.3 1 0
github.com/vaultenv/vaultenv-cli/internal/keystore/keystore.go:280.2,280.86 1 7
github.com/vaultenv/vaultenv-cli/internal/keystore/keystore.go:280.86,282.3 1 0
github.com/vaultenv/vaultenv-cli/internal/keystore/keystore.go:284.2,284.20 1 7
github.com/vaultenv/vaultenv-cli/internal/auth/integration_example.go:15.74,18.16 2 0
github.com/vaultenv/vaultenv-cli/internal/auth/integration_example.go:18.16,20.3 1 0
github.com/vaultenv/vaultenv-cli/internal/auth/integration_example.go:23.2,25.16 2 0
github.com/vaultenv/vaultenv-cli/internal/auth/integration_example.go:29.21,38.16 5 0
github.com/vaultenv/vaultenv-cli/internal/auth/integration_example.go:38.16,41.3 2 0
github.com/vaultenv/vaultenv-cli/internal/auth/integration_example.go:45.2,46.16 2 0
github.com/vaultenv/vaultenv-cli/internal/auth/integration_example.go:46.16,49.3 2 0
github.com/vaultenv/vaultenv-cli/internal/auth/integration_example.go:52.2,56.16 3 0
github.com/vaultenv/vaultenv-cli/internal/auth/integration_example.go:56.16,59.3 2 0
github.com/vaultenv/vaultenv-cli/internal/auth/integration_example.go:61.2,61.61 1 0
github.com/vaultenv/vaultenv-cli/internal/auth/integration_example.go:70.49,73.16 2 0
github.com/vaultenv/vaultenv-cli/internal/auth/integration_example.go:73.16,75.3 1 0
github.com/vaultenv/vaultenv-cli/internal/auth/integration_example.go:78.2,80.12 2 0
github.com/vaultenv/vaultenv-cli/internal/auth/integration_example.go:84.78,86.49 1 0
github.com/vaultenv/vaultenv-cli/internal/auth/integration_example.go:86.49,88.64 1 0
github.com/vaultenv/vaultenv-cli/internal/auth/integration_example.go:88.64,90.4 1 0
github.com/vaultenv/vaultenv-cli/internal/auth/integration_example.go:93.3,95.17 3 0
github.com/vaultenv/vaultenv-cli/internal/auth/integration_example.go:95.17,97.4 1 0
github.com/vaultenv/vaultenv-cli/internal/auth/integration_example.go:100.3,106.13 4 0
github.com/vaultenv/vaultenv-cli/internal/auth/integration_example.go:110.2,111.12 2 0
github.com/vaultenv/vaultenv-cli/internal/auth/password.go:54.65,59.2 1 6
github.com/vaultenv/vaultenv-cli/internal/auth/password.go:62.74,69.16 4 0
github.com/vaultenv/vaultenv-cli/internal/auth/password.go:69.16,71.3 1 0
github.com/vaultenv/vaultenv-cli/internal/auth/password.go:73.2,74.23 2 0
github.com/vaultenv/vaultenv-cli/internal/auth/password.go:74.23,76.3 1 0
github.com/vaultenv/vaultenv-cli/internal/auth/password.go:78.2,78.25 1 0
github.com/vaultenv/vaultenv-cli/internal/auth/password.go:82.64,84.16 2 0
github.com/vaultenv/vaultenv-cli/internal/auth/password.go:84.16,86.3 1 0
github.com/vaultenv/vaultenv-cli/internal/auth/password.go:88.2,88.23 1 0
github.com/vaultenv/vaultenv-cli/internal/auth/password.go:88.23,90.3 1 0
github.com/vaultenv/vaultenv-cli/internal/auth/password.go:92.2,93.16 2 0
github.com/vaultenv/vaultenv-cli/internal/auth/password.go:93.16,95.3 1 0
github.com/vaultenv/vaultenv-cli/internal/auth/password.go:97.2,97.25 1 0
github.com/vaultenv/vaultenv-cli/internal/auth/password.go:97.25,99.3 1 0
github.com/vaultenv/vaultenv-cli/internal/auth/password.go:101.2,101.22 1 0
github.com/vaultenv/vaultenv-cli/internal/auth/password.go:105.75,114.2 1 9
github.com/vaultenv/vaultenv-cli/internal/auth/password.go:117.59,120.16 3 3
github.com/vaultenv/vaultenv-cli/internal/auth/password.go:120.16,122.3 1 0
github.com/vaultenv/vaultenv-cli/internal/auth/password.go:123.2,123.18 1 3
github.com/vaultenv/vaultenv-cli/internal/auth/password.go:127.83,130.48 2 0
github.com/vaultenv/vaultenv-cli/internal/auth/password.go:130.48,131.41 1 0
github.com/vaultenv/vaultenv-cli/internal/auth/password.go:131.41,133.4 1 0
github.com/vaultenv/vaultenv-cli/internal/auth/password.go:135.3,135.36 1 0
github.com/vaultenv/vaultenv-cli/internal/auth/password.go:139.2,140.38 2 0
github.com/vaultenv/vaultenv-cli/internal/auth/password.go:140.38,143.17 2 0
github.com/vaultenv/vaultenv-cli/internal/auth/password.go:143.17,145.4 1 0
github.com/vaultenv/vaultenv-cli/internal/auth/password.go:147.3,150.55 2 0
github.com/vaultenv/vaultenv-cli/internal/auth/password.go:150.55,152.4 1 0
github.com/vaultenv/vaultenv-cli/internal/auth/password.go:155.3,157.18 2 0
github.com/vaultenv/vaultenv-cli/internal/auth/password.go:161.2,163.16 3 0
github.com/vaultenv/vaultenv-cli/internal/auth/password.go:163.16,165.3 1 0
github.com/vaultenv/vaultenv-cli/internal/auth/password.go:167.2,168.16 2 0
github.com/vaultenv/vaultenv-cli/internal/auth/password.go:168.16,170.3 1 0
github.com/vaultenv/vaultenv-cli/internal/auth/password.go:172.2,185.66 4 0
github.com/vaultenv/vaultenv-cli/internal/auth/password.go:185.66,187.3 1 0
github.com/vaultenv/vaultenv-cli/internal/auth/password.go:190.2,192.17 2 0
github.com/vaultenv/vaultenv-cli/internal/auth/password.go:196.77,198.16 2 0
github.com/vaultenv/vaultenv-cli/internal/auth/password.go:198.16,200.3 1 0
github.com/vaultenv/vaultenv-cli/internal/auth/password.go:202.2,204.51 2 0
github.com/vaultenv/vaultenv-cli/internal/auth/password.go:204.51,206.3 1 0
github.com/vaultenv/vaultenv-cli/internal/auth/password.go:208.2,208.12 1 0
github.com/vaultenv/vaultenv-cli/internal/auth/password.go:212.67,215.16 2 0
github.com/vaultenv/vaultenv-cli/internal/auth/password.go:215.16,217.3 1 0
github.com/vaultenv/vaultenv-cli/internal/auth/password.go:219.2,219.70 1 0
github.com/vaultenv/vaultenv-cli/internal/auth/password.go:219.70,221.3 1 0
github.com/vaultenv/vaultenv-cli/internal/auth/password.go:224.2,225.16 2 0
github.com/vaultenv/vaultenv-cli/internal/auth/password.go:225.16,227.3 1 0
github.com/vaultenv/vaultenv-cli/internal/auth/password.go:230.2,231.16 2 0
github.com/vaultenv/vaultenv-cli/internal/auth/password.go:231.16,233.3 1 0
github.com/vaultenv/vaultenv-cli/internal/auth/password.go:236.2,249.66 4 0
github.com/vaultenv/vaultenv-cli/internal/auth/password.go:249.66,251.3 1 0
github.com/vaultenv/vaultenv-cli/internal/auth/password.go:254.2,257.12 3 0
github.com/vaultenv/vaultenv-cli/internal/auth/password.go:261.48,263.2 1 1
github.com/vaultenv/vaultenv-cli/internal/auth/password.go:266.64,268.2 1 1
github.com/vaultenv/vaultenv-cli/internal/auth/password.go:272.72,277.2 3 9
github.com/vaultenv/vaultenv-cli/internal/auth/password.go:279.80,282.2 2 6
github.com/vaultenv/vaultenv-cli/internal/auth/password.go:284.74,290.2 2 3
github.com/vaultenv/vaultenv-cli/internal/auth/password.go:292.65,294.2 1 5
github.com/vaultenv/vaultenv-cli/internal/auth/password.go:297.64,300.2 2 2
github.com/vaultenv/vaultenv-cli/internal/auth/password.go:303.89,305.16 2 2
github.com/vaultenv/vaultenv-cli/internal/auth/password.go:305.16,307.3 1 0
github.com/vaultenv/vaultenv-cli/internal/auth/password.go:310.2,311.51 2 2
github.com/vaultenv/vaultenv-cli/internal/auth/password.go:311.51,313.3 1 1
github.com/vaultenv/vaultenv-cli/internal/auth/password.go:316.2,321.24 2 1
github.com/vaultenv/vaultenv-cli/internal/auth/password.go:325.98,327.67 2 3
github.com/vaultenv/vaultenv-cli/internal/auth/password.go:327.67,329.3 1 1
github.com/vaultenv/vaultenv-cli/internal/auth/password.go:331.2,332.16 2 2
github.com/vaultenv/vaultenv-cli/internal/auth/password.go:332.16,334.3 1 0
github.com/vaultenv/vaultenv-cli/internal/auth/password.go:336.2,340.42 3 2
github.com/vaultenv/vaultenv-cli/internal/auth/password.go:340.42,342.3 1 1
github.com/vaultenv/vaultenv-cli/internal/auth/password.go:345.2,352.66 2 1
github.com/vaultenv/vaultenv-cli/internal/auth/password.go:352.66,354.3 1 0
github.com/vaultenv/vaultenv-cli/internal/auth/password.go:356.2,356.12 1 1
github.com/vaultenv/vaultenv-cli/pkg/encryption/aes_gcm.go:24.44,31.2 1 2
github.com/vaultenv/vaultenv-cli/pkg/encryption/aes_gcm.go:34.46,36.2 1 1
github.com/vaultenv/vaultenv-cli/pkg/encryption/aes_gcm.go:39.58,41.58 2 9
github.com/vaultenv/vaultenv-cli/pkg/encryption/aes_gcm.go:41.58,43.3 1 0
github.com/vaultenv/vaultenv-cli/pkg/encryption/aes_gcm.go:44.2,44.18 1 9
github.com/vaultenv/vaultenv-cli/pkg/encryption/aes_gcm.go:48.76,60.2 1 10
github.com/vaultenv/vaultenv-cli/pkg/encryption/aes_gcm.go:63.81,65.20 1 18
github.com/vaultenv/vaultenv-cli/pkg/encryption/aes_gcm.go:65.20,67.3 1 2
github.com/vaultenv/vaultenv-cli/pkg/encryption/aes_gcm.go:70.2,71.16 2 16
github.com/vaultenv/vaultenv-cli/pkg/encryption/aes_gcm.go:71.16,73.3 1 0
github.com/vaultenv/vaultenv-cli/pkg/encryption/aes_gcm.go:76.2,77.16 2 16
github.com/vaultenv/vaultenv-cli/pkg/encryption/aes_gcm.go:77.16,79.3 1 0
github.com/vaultenv/vaultenv-cli/pkg/encryption/aes_gcm.go:82.2,83.59 2 16
github.com/vaultenv/vaultenv-cli/pkg/encryption/aes_gcm.go:83.59,85.3 1 0
github.com/vaultenv/vaultenv-cli/pkg/encryption/aes_gcm.go:89.2,91.24 2 16
github.com/vaultenv/vaultenv-cli/pkg/encryption/aes_gcm.go:95.82,97.20 1 28
github.com/vaultenv/vaultenv-cli/pkg/encryption/aes_gcm.go:97.20,99.3 1 1
github.com/vaultenv/vaultenv-cli/pkg/encryption/aes_gcm.go:102.2,103.16 2 27
github.com/vaultenv/vaultenv-cli/pkg/encryption/aes_gcm.go:103.16,105.3 1 0
github.com/vaultenv/vaultenv-cli/pkg/encryption/aes_gcm.go:108.2,109.16 2 27
github.com/vaultenv/vaultenv-cli/pkg/encryption/aes_gcm.go:109.16,111.3 1 0
github.com/vaultenv/vaultenv-cli/pkg/encryption/aes_gcm.go:114.2,115.33 2 27
github.com/vaultenv/vaultenv-cli/pkg/encryption/aes_gcm.go:115.33,117.3 1 1
github.com/vaultenv/vaultenv-cli/pkg/encryption/aes_gcm.go:120.2,124.16 3 26
github.com/vaultenv/vaultenv-cli/pkg/encryption/aes_gcm.go:124.16,126.3 1 6
github.com/vaultenv/vaultenv-cli/pkg/encryption/aes_gcm.go:128.2,128.23 1 20
github.com/vaultenv/vaultenv-cli/pkg/encryption/aes_gcm.go:134.87,136.16 2 11
github.com/vaultenv/vaultenv-cli/pkg/encryption/aes_gcm.go:136.16,138.3 1 0
github.com/vaultenv/vaultenv-cli/pkg/encryption/aes_gcm.go:139.2,139.59 1 11
github.com/vaultenv/vaultenv-cli/pkg/encryption/aes_gcm.go:143.88,145.16 2 22
github.com/vaultenv/vaultenv-cli/pkg/encryption/aes_gcm.go:145.16,147.3 1 1
github.com/vaultenv/vaultenv-cli/pkg/encryption/aes_gcm.go:149.2,150.16 2 21
github.com/vaultenv/vaultenv-cli/pkg/encryption/aes_gcm.go:150.16,152.3 1 5
github.com/vaultenv/vaultenv-cli/pkg/encryption/aes_gcm.go:154.2,154.31 1 16
github.com/vaultenv/vaultenv-cli/pkg/encryption/chacha.go:10.44,12.2 1 0
github.com/vaultenv/vaultenv-cli/pkg/encryption/chacha.go:15.46,17.2 1 0
github.com/vaultenv/vaultenv-cli/pkg/encryption/chacha.go:20.58,22.2 1 0
github.com/vaultenv/vaultenv-cli/pkg/encryption/chacha.go:25.76,27.2 1 0
github.com/vaultenv/vaultenv-cli/pkg/encryption/chacha.go:30.81,32.2 1 0
github.com/vaultenv/vaultenv-cli/pkg/encryption/chacha.go:35.82,37.2 1 0
github.com/vaultenv/vaultenv-cli/pkg/encryption/interface.go:50.56,51.19 1 0
github.com/vaultenv/vaultenv-cli/pkg/encryption/interface.go:52.21,53.35 1 0
github.com/vaultenv/vaultenv-cli/pkg/encryption/interface.go:54.27,55.35 1 0
github.com/vaultenv/vaultenv-cli/pkg/encryption/interface.go:56.10,57.64 1 0
github.com/vaultenv/vaultenv-cli/pkg/encryption/interface.go:62.35,64.2 1 1
github.com/vaultenv/vaultenv-cli/pkg/storage/encrypted.go:31.87,32.20 1 12
github.com/vaultenv/vaultenv-cli/pkg/storage/encrypted.go:32.20,34.3 1 1
github.com/vaultenv/vaultenv-cli/pkg/storage/encrypted.go:35.2,35.20 1 11
github.com/vaultenv/vaultenv-cli/pkg/storage/encrypted.go:35.20,37.3 1 1
github.com/vaultenv/vaultenv-cli/pkg/storage/encrypted.go:40.2,53.8 4 10
github.com/vaultenv/vaultenv-cli/pkg/storage/encrypted.go:57.132,58.20 1 0
github.com/vaultenv/vaultenv-cli/pkg/storage/encrypted.go:58.20,60.3 1 0
github.com/vaultenv/vaultenv-cli/pkg/storage/encrypted.go:61.2,61.20 1 0
github.com/vaultenv/vaultenv-cli/pkg/storage/encrypted.go:61.20,63.3 1 0
github.com/vaultenv/vaultenv-cli/pkg/storage/encrypted.go:64.2,64.22 1 0
github.com/vaultenv/vaultenv-cli/pkg/storage/encrypted.go:64.22,66.3 1 0
github.com/vaultenv/vaultenv-cli/pkg/storage/encrypted.go:70.2,79.8 3 0
github.com/vaultenv/vaultenv-cli/pkg/storage/encrypted.go:83.71,84.14 1 16
github.com/vaultenv/vaultenv-cli/pkg/storage/encrypted.go:84.14,96.17 3 3
github.com/vaultenv/vaultenv-cli/pkg/storage/encrypted.go:96.17,98.4 1 0
github.com/vaultenv/vaultenv-cli/pkg/storage/encrypted.go:100.3,100.49 1 3
github.com/vaultenv/vaultenv-cli/pkg/storage/encrypted.go:104.2,105.16 2 13
github.com/vaultenv/vaultenv-cli/pkg/storage/encrypted.go:105.16,107.3 1 0
github.com/vaultenv/vaultenv-cli/pkg/storage/encrypted.go:110.2,114.16 3 13
github.com/vaultenv/vaultenv-cli/pkg/storage/encrypted.go:114.16,116.3 1 0
github.com/vaultenv/vaultenv-cli/pkg/storage/encrypted.go:119.2,130.16 3 13
github.com/vaultenv/vaultenv-cli/pkg/storage/encrypted.go:130.16,132.3 1 0
github.com/vaultenv/vaultenv-cli/pkg/storage/encrypted.go:135.2,135.48 1 13
github.com/vaultenv/vaultenv-cli/pkg/storage/encrypted.go:139.60,142.16 2 12
github.com/vaultenv/vaultenv-cli/pkg/storage/encrypted.go:142.16,144.3 1 0
github.com/vaultenv/vaultenv-cli/pkg/storage/encrypted.go:147.2,148.58 2 12
github.com/vaultenv/vaultenv-cli/pkg/storage/encrypted.go:148.58,151.3 1 1
github.com/vaultenv/vaultenv-cli/pkg/storage/encrypted.go:154.2,154.21 1 11
github.com/vaultenv/vaultenv-cli/pkg/storage/encrypted.go:154.21,156.3 1 2
github.com/vaultenv/vaultenv-cli/pkg/storage/encrypted.go:159.2,160.16 2 9
github.com/vaultenv/vaultenv-cli/pkg/storage/encrypted.go:160.16,162.3 1 0
github.com/vaultenv/vaultenv-cli/pkg/storage/encrypted.go:165.2,166.16 2 9
github.com/vaultenv/vaultenv-cli/pkg/storage/encrypted.go:166.16,168.3 1 0
github.com/vaultenv/vaultenv-cli/pkg/storage/encrypted.go:171.2,172.45 2 9
github.com/vaultenv/vaultenv-cli/pkg/storage/encrypted.go:172.45,175.17 2 0
github.com/vaultenv/vaultenv-cli/pkg/storage/encrypted.go:175.17,177.4 1 0
github.com/vaultenv/vaultenv-cli/pkg/storage/encrypted.go:181.2,185.16 3 9
github.com/vaultenv/vaultenv-cli/pkg/storage/encrypted.go:185.16,187.3 1 2
github.com/vaultenv/vaultenv-cli/pkg/storage/encrypted.go:189.2,189.31 1 7
github.com/vaultenv/vaultenv-cli/pkg/storage/encrypted.go:193.61,195.2 1 2
github.com/vaultenv/vaultenv-cli/pkg/storage/encrypted.go:198.53,200.2 1 1
github.com/vaultenv/vaultenv-cli/pkg/storage/encrypted.go:203.53,205.2 1 2
github.com/vaultenv/vaultenv-cli/pkg/storage/encrypted.go:208.42,210.2 1 3
github.com/vaultenv/vaultenv-cli/pkg/storage/encrypted.go:213.82,214.44 1 1
github.com/vaultenv/vaultenv-cli/pkg/storage/encrypted.go:214.44,216.3 1 0
github.com/vaultenv/vaultenv-cli/pkg/storage/encrypted.go:219.2,220.16 2 1
github.com/vaultenv/vaultenv-cli/pkg/storage/encrypted.go:220.16,222.3 1 0
github.com/vaultenv/vaultenv-cli/pkg/storage/encrypted.go:225.2,228.27 2 1
github.com/vaultenv/vaultenv-cli/pkg/storage/encrypted.go:228.27,231.17 2 3
github.com/vaultenv/vaultenv-cli/pkg/storage/encrypted.go:231.17,233.4 1 0
github.com/vaultenv/vaultenv-cli/pkg/storage/encrypted.go:235.3,236.59 2 3
github.com/vaultenv/vaultenv-cli/pkg/storage/encrypted.go:236.59,238.12 1 0
github.com/vaultenv/vaultenv-cli/pkg/storage/encrypted.go:241.3,241.22 1 3
github.com/vaultenv/vaultenv-cli/pkg/storage/encrypted.go:241.22,243.12 1 1
github.com/vaultenv/vaultenv-cli/pkg/storage/encrypted.go:247.3,248.17 2 2
github.com/vaultenv/vaultenv-cli/pkg/storage/encrypted.go:248.17,250.4 1 0
github.com/vaultenv/vaultenv-cli/pkg/storage/encrypted.go:252.3,252.33 1 2
github.com/vaultenv/vaultenv-cli/pkg/storage/encrypted.go:256.2,266.44 5 1
github.com/vaultenv/vaultenv-cli/pkg/storage/encrypted.go:266.44,267.49 1 2
github.com/vaultenv/vaultenv-cli/pkg/storage/encrypted.go:267.49,271.4 2 0
github.com/vaultenv/vaultenv-cli/pkg/storage/encrypted.go:274.2,274.12 1 1
github.com/vaultenv/vaultenv-cli/pkg/storage/file.go:19.73,22.55 2 9
github.com/vaultenv/vaultenv-cli/pkg/storage/file.go:22.55,24.6 1 0
github.com/vaultenv/vaultenv-cli/pkg/storage/file.go:26.5,29.11 1 9
github.com/vaultenv/vaultenv-cli/pkg/storage/file.go:33.44,35.2 1 25
github.com/vaultenv/vaultenv-cli/pkg/storage/file.go:38.61,42.56 2 17
github.com/vaultenv/vaultenv-cli/pkg/storage/file.go:42.56,44.6 1 5
github.com/vaultenv/vaultenv-cli/pkg/storage/file.go:47.5,48.19 2 12
github.com/vaultenv/vaultenv-cli/pkg/storage/file.go:48.19,50.6 1 0
github.com/vaultenv/vaultenv-cli/pkg/storage/file.go:53.5,53.23 1 12
github.com/vaultenv/vaultenv-cli/pkg/storage/file.go:53.23,55.6 1 0
github.com/vaultenv/vaultenv-cli/pkg/storage/file.go:58.5,59.57 2 12
github.com/vaultenv/vaultenv-cli/pkg/storage/file.go:59.57,61.6 1 0
github.com/vaultenv/vaultenv-cli/pkg/storage/file.go:63.5,63.23 1 12
github.com/vaultenv/vaultenv-cli/pkg/storage/file.go:67.62,70.19 2 8
github.com/vaultenv/vaultenv-cli/pkg/storage/file.go:70.19,72.6 1 0
github.com/vaultenv/vaultenv-cli/pkg/storage/file.go:75.5,78.66 3 8
github.com/vaultenv/vaultenv-cli/pkg/storage/file.go:78.66,80.6 1 0
github.com/vaultenv/vaultenv-cli/pkg/storage/file.go:83.5,83.57 1 8
github.com/vaultenv/vaultenv-cli/pkg/storage/file.go:83.57,87.6 2 0
github.com/vaultenv/vaultenv-cli/pkg/storage/file.go:89.5,89.15 1 8
github.com/vaultenv/vaultenv-cli/pkg/storage/file.go:93.66,99.19 4 7
github.com/vaultenv/vaultenv-cli/pkg/storage/file.go:99.19,101.6 1 0
github.com/vaultenv/vaultenv-cli/pkg/storage/file.go:104.5,107.28 2 7
github.com/vaultenv/vaultenv-cli/pkg/storage/file.go:111.55,117.19 4 6
github.com/vaultenv/vaultenv-cli/pkg/storage/file.go:117.19,119.6 1 0
github.com/vaultenv/vaultenv-cli/pkg/storage/file.go:121.5,122.16 2 6
github.com/vaultenv/vaultenv-cli/pkg/storage/file.go:122.16,124.6 1 1
github.com/vaultenv/vaultenv-cli/pkg/storage/file.go:126.5,126.22 1 5
github.com/vaultenv/vaultenv-cli/pkg/storage/file.go:130.56,136.19 4 1
github.com/vaultenv/vaultenv-cli/pkg/storage/file.go:136.19,138.6 1 0
github.com/vaultenv/vaultenv-cli/pkg/storage/file.go:140.5,141.23 2 1
github.com/vaultenv/vaultenv-cli/pkg/storage/file.go:145.48,151.19 4 1
github.com/vaultenv/vaultenv-cli/pkg/storage/file.go:151.19,153.6 1 0
github.com/vaultenv/vaultenv-cli/pkg/storage/file.go:156.5,159.28 2 1
github.com/vaultenv/vaultenv-cli/pkg/storage/file.go:163.48,169.19 4 2
github.com/vaultenv/vaultenv-cli/pkg/storage/file.go:169.19,171.6 1 0
github.com/vaultenv/vaultenv-cli/pkg/storage/file.go:173.5,174.27 2 2
github.com/vaultenv/vaultenv-cli/pkg/storage/file.go:174.27,176.6 1 3
github.com/vaultenv/vaultenv-cli/pkg/storage/file.go:178.5,178.21 1 2
github.com/vaultenv/vaultenv-cli/pkg/storage/file.go:182.37,184.2 1 9
github.com/vaultenv/vaultenv-cli/pkg/storage/interface.go:40.38,42.2 1 0
github.com/vaultenv/vaultenv-cli/pkg/storage/interface.go:45.25,47.2 1 0
github.com/vaultenv/vaultenv-cli/pkg/storage/interface.go:58.54,62.2 1 1
github.com/vaultenv/vaultenv-cli/pkg/storage/interface.go:65.66,67.27 1 3
github.com/vaultenv/vaultenv-cli/pkg/storage/interface.go:67.27,69.6 1 0
github.com/vaultenv/vaultenv-cli/pkg/storage/interface.go:72.5,72.28 1 3
github.com/vaultenv/vaultenv-cli/pkg/storage/interface.go:72.28,74.6 1 3
github.com/vaultenv/vaultenv-cli/pkg/storage/interface.go:75.5,75.24 1 3
github.com/vaultenv/vaultenv-cli/pkg/storage/interface.go:75.24,77.6 1 3
github.com/vaultenv/vaultenv-cli/pkg/storage/interface.go:80.5,83.22 3 3
github.com/vaultenv/vaultenv-cli/pkg/storage/interface.go:84.19,85.77 1 0
github.com/vaultenv/vaultenv-cli/pkg/storage/interface.go:86.17,87.75 1 3
github.com/vaultenv/vaultenv-cli/pkg/storage/interface.go:88.13,89.74 1 0
github.com/vaultenv/vaultenv-cli/pkg/storage/interface.go:92.5,92.19 1 3
github.com/vaultenv/vaultenv-cli/pkg/storage/interface.go:92.19,94.6 1 0
github.com/vaultenv/vaultenv-cli/pkg/storage/interface.go:97.5,97.28 1 3
github.com/vaultenv/vaultenv-cli/pkg/storage/interface.go:97.28,99.6 1 2
github.com/vaultenv/vaultenv-cli/pkg/storage/interface.go:101.5,101.28 1 1
github.com/vaultenv/vaultenv-cli/pkg/storage/memory.go:14.40,18.2 1 14
github.com/vaultenv/vaultenv-cli/pkg/storage/memory.go:21.68,28.2 4 20022
github.com/vaultenv/vaultenv-cli/pkg/storage/memory.go:31.57,36.16 4 103033
github.com/vaultenv/vaultenv-cli/pkg/storage/memory.go:36.16,38.6 1 97792
github.com/vaultenv/vaultenv-cli/pkg/storage/memory.go:40.5,40.22 1 5241
github.com/vaultenv/vaultenv-cli/pkg/storage/memory.go:44.58,50.2 4 5005
github.com/vaultenv/vaultenv-cli/pkg/storage/memory.go:53.50,59.2 4 6253
github.com/vaultenv/vaultenv-cli/pkg/storage/memory.go:62.50,67.29 4 108
github.com/vaultenv/vaultenv-cli/pkg/storage/memory.go:67.29,69.6 1 46100
github.com/vaultenv/vaultenv-cli/pkg/storage/memory.go:71.5,71.21 1 108
github.com/vaultenv/vaultenv-cli/pkg/storage/memory.go:75.39,77.2 1 10
github.com/vaultenv/vaultenv-cli/pkg/storage/sqlite.go:46.77,51.49 3 5
github.com/vaultenv/vaultenv-cli/pkg/storage/sqlite.go:51.49,53.3 1 0
github.com/vaultenv/vaultenv-cli/pkg/storage/sqlite.go:56.2,57.16 2 5
github.com/vaultenv/vaultenv-cli/pkg/storage/sqlite.go:57.16,59.3 1 0
github.com/vaultenv/vaultenv-cli/pkg/storage/sqlite.go:62.2,72.45 5 5
github.com/vaultenv/vaultenv-cli/pkg/storage/sqlite.go:72.45,75.3 2 0
github.com/vaultenv/vaultenv-cli/pkg/storage/sqlite.go:77.2,77.21 1 5
github.com/vaultenv/vaultenv-cli/pkg/storage/sqlite.go:80.44,126.2 3 5
github.com/vaultenv/vaultenv-cli/pkg/storage/sqlite.go:129.68,131.16 2 34
github.com/vaultenv/vaultenv-cli/pkg/storage/sqlite.go:131.16,133.3 1 0
github.com/vaultenv/vaultenv-cli/pkg/storage/sqlite.go:134.2,144.26 5 34
github.com/vaultenv/vaultenv-cli/pkg/storage/sqlite.go:144.26,151.17 2 22
github.com/vaultenv/vaultenv-cli/pkg/storage/sqlite.go:151.17,153.4 1 0
github.com/vaultenv/vaultenv-cli/pkg/storage/sqlite.go:155.3,156.14 2 22
github.com/vaultenv/vaultenv-cli/pkg/storage/sqlite.go:157.8,157.23 1 12
github.com/vaultenv/vaultenv-cli/pkg/storage/sqlite.go:157.23,159.3 1 0
github.com/vaultenv/vaultenv-cli/pkg/storage/sqlite.go:159.8,169.17 3 12
github.com/vaultenv/vaultenv-cli/pkg/storage/sqlite.go:169.17,171.4 1 0
github.com/vaultenv/vaultenv-cli/pkg/storage/sqlite.go:175.2,180.16 2 34
github.com/vaultenv/vaultenv-cli/pkg/storage/sqlite.go:180.16,182.3 1 0
github.com/vaultenv/vaultenv-cli/pkg/storage/sqlite.go:185.2,190.16 2 34
github.com/vaultenv/vaultenv-cli/pkg/storage/sqlite.go:190.16,192.3 1 0
github.com/vaultenv/vaultenv-cli/pkg/storage/sqlite.go:194.2,194.20 1 34
github.com/vaultenv/vaultenv-cli/pkg/storage/sqlite.go:198.57,205.26 3 17
github.com/vaultenv/vaultenv-cli/pkg/storage/sqlite.go:205.26,207.3 1 2
github.com/vaultenv/vaultenv-cli/pkg/storage/sqlite.go:209.2,209.16 1 15
github.com/vaultenv/vaultenv-cli/pkg/storage/sqlite.go:209.16,211.3 1 0
github.com/vaultenv/vaultenv-cli/pkg/storage/sqlite.go:214.2,214.12 1 15
github.com/vaultenv/vaultenv-cli/pkg/storage/sqlite.go:214.12,219.3 1 15
github.com/vaultenv/vaultenv-cli/pkg/storage/sqlite.go:221.2,221.19 1 15
github.com/vaultenv/vaultenv-cli/pkg/storage/sqlite.go:225.58,232.16 3 2
github.com/vaultenv/vaultenv-cli/pkg/storage/sqlite.go:232.16,234.3 1 0
github.com/vaultenv/vaultenv-cli/pkg/storage/sqlite.go:236.2,236.23 1 2
github.com/vaultenv/vaultenv-cli/pkg/storage/sqlite.go:240.50,242.16 2 7
github.com/vaultenv/vaultenv-cli/pkg/storage/sqlite.go:242.16,244.3 1 0
github.com/vaultenv/vaultenv-cli/pkg/storage/sqlite.go:245.2,255.26 5 7
github.com/vaultenv/vaultenv-cli/pkg/storage/sqlite.go:255.26,257.3 1 1
github.com/vaultenv/vaultenv-cli/pkg/storage/sqlite.go:259.2,259.16 1 6
github.com/vaultenv/vaultenv-cli/pkg/storage/sqlite.go:259.16,261.3 1 0
github.com/vaultenv/vaultenv-cli/pkg/storage/sqlite.go:264.2,270.16 2 6
github.com/vaultenv/vaultenv-cli/pkg/storage/sqlite.go:270.16,272.3 1 0
github.com/vaultenv/vaultenv-cli/pkg/storage/sqlite.go:275.2,279.16 2 6
github.com/vaultenv/vaultenv-cli/pkg/storage/sqlite.go:279.16,281.3 1 0
github.com/vaultenv/vaultenv-cli/pkg/storage/sqlite.go:284.2,289.16 2 6
github.com/vaultenv/vaultenv-cli/pkg/storage/sqlite.go:289.16,291.3 1 0
github.com/vaultenv/vaultenv-cli/pkg/storage/sqlite.go:293.2,293.20 1 6
github.com/vaultenv/vaultenv-cli/pkg/storage/sqlite.go:297.50,304.16 2 2
github.com/vaultenv/vaultenv-cli/pkg/storage/sqlite.go:304.16,306.3 1 0
github.com/vaultenv/vaultenv-cli/pkg/storage/sqlite.go:307.2,310.18 3 2
github.com/vaultenv/vaultenv-cli/pkg/storage/sqlite.go:310.18,312.41 2 6
github.com/vaultenv/vaultenv-cli/pkg/storage/sqlite.go:312.41,314.4 1 0
github.com/vaultenv/vaultenv-cli/pkg/storage/sqlite.go:315.3,315.27 1 6
github.com/vaultenv/vaultenv-cli/pkg/storage/sqlite.go:318.2,318.25 1 2
github.com/vaultenv/vaultenv-cli/pkg/storage/sqlite.go:322.39,324.2 1 5
github.com/vaultenv/vaultenv-cli/pkg/storage/sqlite.go:327.84,336.16 2 3
github.com/vaultenv/vaultenv-cli/pkg/storage/sqlite.go:336.16,338.3 1 0
github.com/vaultenv/vaultenv-cli/pkg/storage/sqlite.go:339.2,342.18 3 3
github.com/vaultenv/vaultenv-cli/pkg/storage/sqlite.go:342.18,345.17 3 8
github.com/vaultenv/vaultenv-cli/pkg/storage/sqlite.go:345.17,347.4 1 0
github.com/vaultenv/vaultenv-cli/pkg/storage/sqlite.go:348.3,348.31 1 8
github.com/vaultenv/vaultenv-cli/pkg/storage/sqlite.go:351.2,351.28 1 3
github.com/vaultenv/vaultenv-cli/pkg/storage/sqlite.go:355.70,364.16 2 1
github.com/vaultenv/vaultenv-cli/pkg/storage/sqlite.go:364.16,366.3 1 0
github.com/vaultenv/vaultenv-cli/pkg/storage/sqlite.go:367.2,370.18 3 1
github.com/vaultenv/vaultenv-cli/pkg/storage/sqlite.go:370.18,374.17 4 3
github.com/vaultenv/vaultenv-cli/pkg/storage/sqlite.go:374.17,376.4 1 0
github.com/vaultenv/vaultenv-cli/pkg/storage/sqlite.go:377.3,377.21 1 3
github.com/vaultenv/vaultenv-cli/pkg/storage/sqlite.go:377.21,379.4 1 0
github.com/vaultenv/vaultenv-cli/pkg/storage/sqlite.go:380.3,380.31 1 3
github.com/vaultenv/vaultenv-cli/pkg/storage/sqlite.go:383.2,383.28 1 1
github.com/vaultenv/vaultenv-cli/pkg/storage/sqlite.go:387.30,388.43 1 151
github.com/vaultenv/vaultenv-cli/pkg/storage/sqlite.go:388.43,390.3 1 151
github.com/vaultenv/vaultenv-cli/pkg/storage/sqlite.go:391.2,391.47 1 0
github.com/vaultenv/vaultenv-cli/pkg/storage/sqlite.go:391.47,393.3 1 0
github.com/vaultenv/vaultenv-cli/pkg/storage/sqlite.go:394.2,394.18 1 0
